[2024-10-09T00:37:46.103+0000] {processor.py:186} INFO - Started process (PID=502) to work on /opt/airflow/dags/Pypdf_Pipeline.py
[2024-10-09T00:37:46.106+0000] {processor.py:914} INFO - Processing file /opt/airflow/dags/Pypdf_Pipeline.py for tasks to queue
[2024-10-09T00:37:46.136+0000] {logging_mixin.py:190} INFO - [2024-10-09T00:37:46.132+0000] {dagbag.py:588} INFO - Filling up the DagBag from /opt/airflow/dags/Pypdf_Pipeline.py
[2024-10-09T00:37:48.454+0000] {logging_mixin.py:190} INFO - [2024-10-09T00:37:48.448+0000] {dagbag.py:387} ERROR - Failed to import: /opt/airflow/dags/Pypdf_Pipeline.py
Traceback (most recent call last):
  File "/home/airflow/.local/lib/python3.12/site-packages/airflow/models/dagbag.py", line 383, in parse
    loader.exec_module(new_module)
  File "<frozen importlib._bootstrap_external>", line 995, in exec_module
  File "<frozen importlib._bootstrap>", line 488, in _call_with_frames_removed
  File "/opt/airflow/dags/Pypdf_Pipeline.py", line 6, in <module>
    import pdfplumber
ModuleNotFoundError: No module named 'pdfplumber'
[2024-10-09T00:37:48.455+0000] {processor.py:927} WARNING - No viable dags retrieved from /opt/airflow/dags/Pypdf_Pipeline.py
[2024-10-09T00:37:48.494+0000] {processor.py:208} INFO - Processing /opt/airflow/dags/Pypdf_Pipeline.py took 2.464 seconds
[2024-10-09T00:38:19.265+0000] {processor.py:186} INFO - Started process (PID=509) to work on /opt/airflow/dags/Pypdf_Pipeline.py
[2024-10-09T00:38:19.267+0000] {processor.py:914} INFO - Processing file /opt/airflow/dags/Pypdf_Pipeline.py for tasks to queue
[2024-10-09T00:38:19.272+0000] {logging_mixin.py:190} INFO - [2024-10-09T00:38:19.270+0000] {dagbag.py:588} INFO - Filling up the DagBag from /opt/airflow/dags/Pypdf_Pipeline.py
[2024-10-09T00:38:19.693+0000] {logging_mixin.py:190} INFO - [2024-10-09T00:38:19.692+0000] {dagbag.py:387} ERROR - Failed to import: /opt/airflow/dags/Pypdf_Pipeline.py
Traceback (most recent call last):
  File "/home/airflow/.local/lib/python3.12/site-packages/airflow/models/dagbag.py", line 383, in parse
    loader.exec_module(new_module)
  File "<frozen importlib._bootstrap_external>", line 995, in exec_module
  File "<frozen importlib._bootstrap>", line 488, in _call_with_frames_removed
  File "/opt/airflow/dags/Pypdf_Pipeline.py", line 6, in <module>
    import pdfplumber
ModuleNotFoundError: No module named 'pdfplumber'
[2024-10-09T00:38:19.693+0000] {processor.py:927} WARNING - No viable dags retrieved from /opt/airflow/dags/Pypdf_Pipeline.py
[2024-10-09T00:38:19.717+0000] {processor.py:208} INFO - Processing /opt/airflow/dags/Pypdf_Pipeline.py took 0.468 seconds
[2024-10-09T00:38:49.925+0000] {processor.py:186} INFO - Started process (PID=516) to work on /opt/airflow/dags/Pypdf_Pipeline.py
[2024-10-09T00:38:49.928+0000] {processor.py:914} INFO - Processing file /opt/airflow/dags/Pypdf_Pipeline.py for tasks to queue
[2024-10-09T00:38:49.932+0000] {logging_mixin.py:190} INFO - [2024-10-09T00:38:49.931+0000] {dagbag.py:588} INFO - Filling up the DagBag from /opt/airflow/dags/Pypdf_Pipeline.py
[2024-10-09T00:38:50.177+0000] {logging_mixin.py:190} INFO - [2024-10-09T00:38:50.176+0000] {dagbag.py:387} ERROR - Failed to import: /opt/airflow/dags/Pypdf_Pipeline.py
Traceback (most recent call last):
  File "/home/airflow/.local/lib/python3.12/site-packages/airflow/models/dagbag.py", line 383, in parse
    loader.exec_module(new_module)
  File "<frozen importlib._bootstrap_external>", line 995, in exec_module
  File "<frozen importlib._bootstrap>", line 488, in _call_with_frames_removed
  File "/opt/airflow/dags/Pypdf_Pipeline.py", line 6, in <module>
    import pdfplumber
ModuleNotFoundError: No module named 'pdfplumber'
[2024-10-09T00:38:50.178+0000] {processor.py:927} WARNING - No viable dags retrieved from /opt/airflow/dags/Pypdf_Pipeline.py
[2024-10-09T00:38:50.189+0000] {processor.py:208} INFO - Processing /opt/airflow/dags/Pypdf_Pipeline.py took 0.281 seconds
[2024-10-09T00:39:20.569+0000] {processor.py:186} INFO - Started process (PID=523) to work on /opt/airflow/dags/Pypdf_Pipeline.py
[2024-10-09T00:39:20.571+0000] {processor.py:914} INFO - Processing file /opt/airflow/dags/Pypdf_Pipeline.py for tasks to queue
[2024-10-09T00:39:20.574+0000] {logging_mixin.py:190} INFO - [2024-10-09T00:39:20.574+0000] {dagbag.py:588} INFO - Filling up the DagBag from /opt/airflow/dags/Pypdf_Pipeline.py
[2024-10-09T00:39:20.842+0000] {logging_mixin.py:190} INFO - [2024-10-09T00:39:20.841+0000] {dagbag.py:387} ERROR - Failed to import: /opt/airflow/dags/Pypdf_Pipeline.py
Traceback (most recent call last):
  File "/home/airflow/.local/lib/python3.12/site-packages/airflow/models/dagbag.py", line 383, in parse
    loader.exec_module(new_module)
  File "<frozen importlib._bootstrap_external>", line 995, in exec_module
  File "<frozen importlib._bootstrap>", line 488, in _call_with_frames_removed
  File "/opt/airflow/dags/Pypdf_Pipeline.py", line 6, in <module>
    import pdfplumber
ModuleNotFoundError: No module named 'pdfplumber'
[2024-10-09T00:39:20.843+0000] {processor.py:927} WARNING - No viable dags retrieved from /opt/airflow/dags/Pypdf_Pipeline.py
[2024-10-09T00:39:20.857+0000] {processor.py:208} INFO - Processing /opt/airflow/dags/Pypdf_Pipeline.py took 0.296 seconds
[2024-10-09T00:39:50.989+0000] {processor.py:186} INFO - Started process (PID=530) to work on /opt/airflow/dags/Pypdf_Pipeline.py
[2024-10-09T00:39:50.993+0000] {processor.py:914} INFO - Processing file /opt/airflow/dags/Pypdf_Pipeline.py for tasks to queue
[2024-10-09T00:39:51.010+0000] {logging_mixin.py:190} INFO - [2024-10-09T00:39:51.006+0000] {dagbag.py:588} INFO - Filling up the DagBag from /opt/airflow/dags/Pypdf_Pipeline.py
[2024-10-09T00:39:51.249+0000] {logging_mixin.py:190} INFO - [2024-10-09T00:39:51.248+0000] {dagbag.py:387} ERROR - Failed to import: /opt/airflow/dags/Pypdf_Pipeline.py
Traceback (most recent call last):
  File "/home/airflow/.local/lib/python3.12/site-packages/airflow/models/dagbag.py", line 383, in parse
    loader.exec_module(new_module)
  File "<frozen importlib._bootstrap_external>", line 995, in exec_module
  File "<frozen importlib._bootstrap>", line 488, in _call_with_frames_removed
  File "/opt/airflow/dags/Pypdf_Pipeline.py", line 6, in <module>
    import pdfplumber
ModuleNotFoundError: No module named 'pdfplumber'
[2024-10-09T00:39:51.249+0000] {processor.py:927} WARNING - No viable dags retrieved from /opt/airflow/dags/Pypdf_Pipeline.py
[2024-10-09T00:39:51.261+0000] {processor.py:208} INFO - Processing /opt/airflow/dags/Pypdf_Pipeline.py took 0.298 seconds
[2024-10-09T00:40:21.681+0000] {processor.py:186} INFO - Started process (PID=537) to work on /opt/airflow/dags/Pypdf_Pipeline.py
[2024-10-09T00:40:21.683+0000] {processor.py:914} INFO - Processing file /opt/airflow/dags/Pypdf_Pipeline.py for tasks to queue
[2024-10-09T00:40:21.688+0000] {logging_mixin.py:190} INFO - [2024-10-09T00:40:21.687+0000] {dagbag.py:588} INFO - Filling up the DagBag from /opt/airflow/dags/Pypdf_Pipeline.py
[2024-10-09T00:40:21.877+0000] {logging_mixin.py:190} INFO - [2024-10-09T00:40:21.876+0000] {dagbag.py:387} ERROR - Failed to import: /opt/airflow/dags/Pypdf_Pipeline.py
Traceback (most recent call last):
  File "/home/airflow/.local/lib/python3.12/site-packages/airflow/models/dagbag.py", line 383, in parse
    loader.exec_module(new_module)
  File "<frozen importlib._bootstrap_external>", line 995, in exec_module
  File "<frozen importlib._bootstrap>", line 488, in _call_with_frames_removed
  File "/opt/airflow/dags/Pypdf_Pipeline.py", line 6, in <module>
    import pdfplumber
ModuleNotFoundError: No module named 'pdfplumber'
[2024-10-09T00:40:21.877+0000] {processor.py:927} WARNING - No viable dags retrieved from /opt/airflow/dags/Pypdf_Pipeline.py
[2024-10-09T00:40:21.887+0000] {processor.py:208} INFO - Processing /opt/airflow/dags/Pypdf_Pipeline.py took 0.216 seconds
[2024-10-09T00:40:52.124+0000] {processor.py:186} INFO - Started process (PID=544) to work on /opt/airflow/dags/Pypdf_Pipeline.py
[2024-10-09T00:40:52.126+0000] {processor.py:914} INFO - Processing file /opt/airflow/dags/Pypdf_Pipeline.py for tasks to queue
[2024-10-09T00:40:52.130+0000] {logging_mixin.py:190} INFO - [2024-10-09T00:40:52.130+0000] {dagbag.py:588} INFO - Filling up the DagBag from /opt/airflow/dags/Pypdf_Pipeline.py
[2024-10-09T00:40:52.336+0000] {logging_mixin.py:190} INFO - [2024-10-09T00:40:52.335+0000] {dagbag.py:387} ERROR - Failed to import: /opt/airflow/dags/Pypdf_Pipeline.py
Traceback (most recent call last):
  File "/home/airflow/.local/lib/python3.12/site-packages/airflow/models/dagbag.py", line 383, in parse
    loader.exec_module(new_module)
  File "<frozen importlib._bootstrap_external>", line 995, in exec_module
  File "<frozen importlib._bootstrap>", line 488, in _call_with_frames_removed
  File "/opt/airflow/dags/Pypdf_Pipeline.py", line 6, in <module>
    import pdfplumber
ModuleNotFoundError: No module named 'pdfplumber'
[2024-10-09T00:40:52.336+0000] {processor.py:927} WARNING - No viable dags retrieved from /opt/airflow/dags/Pypdf_Pipeline.py
[2024-10-09T00:40:52.346+0000] {processor.py:208} INFO - Processing /opt/airflow/dags/Pypdf_Pipeline.py took 0.232 seconds
[2024-10-09T00:41:22.801+0000] {processor.py:186} INFO - Started process (PID=551) to work on /opt/airflow/dags/Pypdf_Pipeline.py
[2024-10-09T00:41:22.809+0000] {processor.py:914} INFO - Processing file /opt/airflow/dags/Pypdf_Pipeline.py for tasks to queue
[2024-10-09T00:41:22.820+0000] {logging_mixin.py:190} INFO - [2024-10-09T00:41:22.820+0000] {dagbag.py:588} INFO - Filling up the DagBag from /opt/airflow/dags/Pypdf_Pipeline.py
[2024-10-09T00:41:23.134+0000] {logging_mixin.py:190} INFO - [2024-10-09T00:41:23.133+0000] {dagbag.py:387} ERROR - Failed to import: /opt/airflow/dags/Pypdf_Pipeline.py
Traceback (most recent call last):
  File "/home/airflow/.local/lib/python3.12/site-packages/airflow/models/dagbag.py", line 383, in parse
    loader.exec_module(new_module)
  File "<frozen importlib._bootstrap_external>", line 995, in exec_module
  File "<frozen importlib._bootstrap>", line 488, in _call_with_frames_removed
  File "/opt/airflow/dags/Pypdf_Pipeline.py", line 6, in <module>
    import pdfplumber
ModuleNotFoundError: No module named 'pdfplumber'
[2024-10-09T00:41:23.134+0000] {processor.py:927} WARNING - No viable dags retrieved from /opt/airflow/dags/Pypdf_Pipeline.py
[2024-10-09T00:41:23.146+0000] {processor.py:208} INFO - Processing /opt/airflow/dags/Pypdf_Pipeline.py took 0.380 seconds
[2024-10-09T00:41:53.503+0000] {processor.py:186} INFO - Started process (PID=558) to work on /opt/airflow/dags/Pypdf_Pipeline.py
[2024-10-09T00:41:53.506+0000] {processor.py:914} INFO - Processing file /opt/airflow/dags/Pypdf_Pipeline.py for tasks to queue
[2024-10-09T00:41:53.515+0000] {logging_mixin.py:190} INFO - [2024-10-09T00:41:53.513+0000] {dagbag.py:588} INFO - Filling up the DagBag from /opt/airflow/dags/Pypdf_Pipeline.py
[2024-10-09T00:41:53.835+0000] {logging_mixin.py:190} INFO - [2024-10-09T00:41:53.833+0000] {dagbag.py:387} ERROR - Failed to import: /opt/airflow/dags/Pypdf_Pipeline.py
Traceback (most recent call last):
  File "/home/airflow/.local/lib/python3.12/site-packages/airflow/models/dagbag.py", line 383, in parse
    loader.exec_module(new_module)
  File "<frozen importlib._bootstrap_external>", line 995, in exec_module
  File "<frozen importlib._bootstrap>", line 488, in _call_with_frames_removed
  File "/opt/airflow/dags/Pypdf_Pipeline.py", line 6, in <module>
    import pdfplumber
ModuleNotFoundError: No module named 'pdfplumber'
[2024-10-09T00:41:53.836+0000] {processor.py:927} WARNING - No viable dags retrieved from /opt/airflow/dags/Pypdf_Pipeline.py
[2024-10-09T00:41:53.869+0000] {processor.py:208} INFO - Processing /opt/airflow/dags/Pypdf_Pipeline.py took 0.372 seconds
[2024-10-09T00:42:24.285+0000] {processor.py:186} INFO - Started process (PID=565) to work on /opt/airflow/dags/Pypdf_Pipeline.py
[2024-10-09T00:42:24.288+0000] {processor.py:914} INFO - Processing file /opt/airflow/dags/Pypdf_Pipeline.py for tasks to queue
[2024-10-09T00:42:24.293+0000] {logging_mixin.py:190} INFO - [2024-10-09T00:42:24.292+0000] {dagbag.py:588} INFO - Filling up the DagBag from /opt/airflow/dags/Pypdf_Pipeline.py
[2024-10-09T00:42:24.577+0000] {logging_mixin.py:190} INFO - [2024-10-09T00:42:24.576+0000] {dagbag.py:387} ERROR - Failed to import: /opt/airflow/dags/Pypdf_Pipeline.py
Traceback (most recent call last):
  File "/home/airflow/.local/lib/python3.12/site-packages/airflow/models/dagbag.py", line 383, in parse
    loader.exec_module(new_module)
  File "<frozen importlib._bootstrap_external>", line 995, in exec_module
  File "<frozen importlib._bootstrap>", line 488, in _call_with_frames_removed
  File "/opt/airflow/dags/Pypdf_Pipeline.py", line 6, in <module>
    import pdfplumber
ModuleNotFoundError: No module named 'pdfplumber'
[2024-10-09T00:42:24.577+0000] {processor.py:927} WARNING - No viable dags retrieved from /opt/airflow/dags/Pypdf_Pipeline.py
[2024-10-09T00:42:24.591+0000] {processor.py:208} INFO - Processing /opt/airflow/dags/Pypdf_Pipeline.py took 0.317 seconds
[2024-10-09T00:42:54.713+0000] {processor.py:186} INFO - Started process (PID=572) to work on /opt/airflow/dags/Pypdf_Pipeline.py
[2024-10-09T00:42:54.715+0000] {processor.py:914} INFO - Processing file /opt/airflow/dags/Pypdf_Pipeline.py for tasks to queue
[2024-10-09T00:42:54.719+0000] {logging_mixin.py:190} INFO - [2024-10-09T00:42:54.718+0000] {dagbag.py:588} INFO - Filling up the DagBag from /opt/airflow/dags/Pypdf_Pipeline.py
[2024-10-09T00:42:54.970+0000] {logging_mixin.py:190} INFO - [2024-10-09T00:42:54.969+0000] {dagbag.py:387} ERROR - Failed to import: /opt/airflow/dags/Pypdf_Pipeline.py
Traceback (most recent call last):
  File "/home/airflow/.local/lib/python3.12/site-packages/airflow/models/dagbag.py", line 383, in parse
    loader.exec_module(new_module)
  File "<frozen importlib._bootstrap_external>", line 995, in exec_module
  File "<frozen importlib._bootstrap>", line 488, in _call_with_frames_removed
  File "/opt/airflow/dags/Pypdf_Pipeline.py", line 6, in <module>
    import pdfplumber
ModuleNotFoundError: No module named 'pdfplumber'
[2024-10-09T00:42:54.970+0000] {processor.py:927} WARNING - No viable dags retrieved from /opt/airflow/dags/Pypdf_Pipeline.py
[2024-10-09T00:42:54.980+0000] {processor.py:208} INFO - Processing /opt/airflow/dags/Pypdf_Pipeline.py took 0.279 seconds
[2024-10-09T00:43:25.677+0000] {processor.py:186} INFO - Started process (PID=579) to work on /opt/airflow/dags/Pypdf_Pipeline.py
[2024-10-09T00:43:25.680+0000] {processor.py:914} INFO - Processing file /opt/airflow/dags/Pypdf_Pipeline.py for tasks to queue
[2024-10-09T00:43:25.682+0000] {logging_mixin.py:190} INFO - [2024-10-09T00:43:25.681+0000] {dagbag.py:588} INFO - Filling up the DagBag from /opt/airflow/dags/Pypdf_Pipeline.py
[2024-10-09T00:43:25.731+0000] {logging_mixin.py:190} INFO - [2024-10-09T00:43:25.731+0000] {dagbag.py:387} ERROR - Failed to import: /opt/airflow/dags/Pypdf_Pipeline.py
Traceback (most recent call last):
  File "/home/airflow/.local/lib/python3.12/site-packages/airflow/models/dagbag.py", line 383, in parse
    loader.exec_module(new_module)
  File "<frozen importlib._bootstrap_external>", line 995, in exec_module
  File "<frozen importlib._bootstrap>", line 488, in _call_with_frames_removed
  File "/opt/airflow/dags/Pypdf_Pipeline.py", line 6, in <module>
    import pdfplumber
ModuleNotFoundError: No module named 'pdfplumber'
[2024-10-09T00:43:25.732+0000] {processor.py:927} WARNING - No viable dags retrieved from /opt/airflow/dags/Pypdf_Pipeline.py
[2024-10-09T00:43:25.749+0000] {processor.py:208} INFO - Processing /opt/airflow/dags/Pypdf_Pipeline.py took 0.076 seconds
[2024-10-09T00:43:56.140+0000] {processor.py:186} INFO - Started process (PID=585) to work on /opt/airflow/dags/Pypdf_Pipeline.py
[2024-10-09T00:43:56.141+0000] {processor.py:914} INFO - Processing file /opt/airflow/dags/Pypdf_Pipeline.py for tasks to queue
[2024-10-09T00:43:56.144+0000] {logging_mixin.py:190} INFO - [2024-10-09T00:43:56.143+0000] {dagbag.py:588} INFO - Filling up the DagBag from /opt/airflow/dags/Pypdf_Pipeline.py
[2024-10-09T00:43:56.210+0000] {logging_mixin.py:190} INFO - [2024-10-09T00:43:56.209+0000] {dagbag.py:387} ERROR - Failed to import: /opt/airflow/dags/Pypdf_Pipeline.py
Traceback (most recent call last):
  File "/home/airflow/.local/lib/python3.12/site-packages/airflow/models/dagbag.py", line 383, in parse
    loader.exec_module(new_module)
  File "<frozen importlib._bootstrap_external>", line 995, in exec_module
  File "<frozen importlib._bootstrap>", line 488, in _call_with_frames_removed
  File "/opt/airflow/dags/Pypdf_Pipeline.py", line 6, in <module>
    import pdfplumber
ModuleNotFoundError: No module named 'pdfplumber'
[2024-10-09T00:43:56.211+0000] {processor.py:927} WARNING - No viable dags retrieved from /opt/airflow/dags/Pypdf_Pipeline.py
[2024-10-09T00:43:56.222+0000] {processor.py:208} INFO - Processing /opt/airflow/dags/Pypdf_Pipeline.py took 0.100 seconds
[2024-10-09T00:44:26.616+0000] {processor.py:186} INFO - Started process (PID=591) to work on /opt/airflow/dags/Pypdf_Pipeline.py
[2024-10-09T00:44:26.619+0000] {processor.py:914} INFO - Processing file /opt/airflow/dags/Pypdf_Pipeline.py for tasks to queue
[2024-10-09T00:44:26.623+0000] {logging_mixin.py:190} INFO - [2024-10-09T00:44:26.623+0000] {dagbag.py:588} INFO - Filling up the DagBag from /opt/airflow/dags/Pypdf_Pipeline.py
[2024-10-09T00:44:26.717+0000] {logging_mixin.py:190} INFO - [2024-10-09T00:44:26.716+0000] {dagbag.py:387} ERROR - Failed to import: /opt/airflow/dags/Pypdf_Pipeline.py
Traceback (most recent call last):
  File "/home/airflow/.local/lib/python3.12/site-packages/airflow/models/dagbag.py", line 383, in parse
    loader.exec_module(new_module)
  File "<frozen importlib._bootstrap_external>", line 995, in exec_module
  File "<frozen importlib._bootstrap>", line 488, in _call_with_frames_removed
  File "/opt/airflow/dags/Pypdf_Pipeline.py", line 6, in <module>
    import pdfplumber
ModuleNotFoundError: No module named 'pdfplumber'
[2024-10-09T00:44:26.717+0000] {processor.py:927} WARNING - No viable dags retrieved from /opt/airflow/dags/Pypdf_Pipeline.py
[2024-10-09T00:44:26.731+0000] {processor.py:208} INFO - Processing /opt/airflow/dags/Pypdf_Pipeline.py took 0.126 seconds
[2024-10-09T00:44:57.036+0000] {processor.py:186} INFO - Started process (PID=598) to work on /opt/airflow/dags/Pypdf_Pipeline.py
[2024-10-09T00:44:57.039+0000] {processor.py:914} INFO - Processing file /opt/airflow/dags/Pypdf_Pipeline.py for tasks to queue
[2024-10-09T00:44:57.044+0000] {logging_mixin.py:190} INFO - [2024-10-09T00:44:57.044+0000] {dagbag.py:588} INFO - Filling up the DagBag from /opt/airflow/dags/Pypdf_Pipeline.py
[2024-10-09T00:44:57.135+0000] {logging_mixin.py:190} INFO - [2024-10-09T00:44:57.134+0000] {dagbag.py:387} ERROR - Failed to import: /opt/airflow/dags/Pypdf_Pipeline.py
Traceback (most recent call last):
  File "/home/airflow/.local/lib/python3.12/site-packages/airflow/models/dagbag.py", line 383, in parse
    loader.exec_module(new_module)
  File "<frozen importlib._bootstrap_external>", line 995, in exec_module
  File "<frozen importlib._bootstrap>", line 488, in _call_with_frames_removed
  File "/opt/airflow/dags/Pypdf_Pipeline.py", line 6, in <module>
    import pdfplumber
ModuleNotFoundError: No module named 'pdfplumber'
[2024-10-09T00:44:57.136+0000] {processor.py:927} WARNING - No viable dags retrieved from /opt/airflow/dags/Pypdf_Pipeline.py
[2024-10-09T00:44:57.155+0000] {processor.py:208} INFO - Processing /opt/airflow/dags/Pypdf_Pipeline.py took 0.128 seconds
[2024-10-09T00:45:27.678+0000] {processor.py:186} INFO - Started process (PID=605) to work on /opt/airflow/dags/Pypdf_Pipeline.py
[2024-10-09T00:45:27.680+0000] {processor.py:914} INFO - Processing file /opt/airflow/dags/Pypdf_Pipeline.py for tasks to queue
[2024-10-09T00:45:27.685+0000] {logging_mixin.py:190} INFO - [2024-10-09T00:45:27.684+0000] {dagbag.py:588} INFO - Filling up the DagBag from /opt/airflow/dags/Pypdf_Pipeline.py
[2024-10-09T00:45:27.768+0000] {logging_mixin.py:190} INFO - [2024-10-09T00:45:27.767+0000] {dagbag.py:387} ERROR - Failed to import: /opt/airflow/dags/Pypdf_Pipeline.py
Traceback (most recent call last):
  File "/home/airflow/.local/lib/python3.12/site-packages/airflow/models/dagbag.py", line 383, in parse
    loader.exec_module(new_module)
  File "<frozen importlib._bootstrap_external>", line 995, in exec_module
  File "<frozen importlib._bootstrap>", line 488, in _call_with_frames_removed
  File "/opt/airflow/dags/Pypdf_Pipeline.py", line 6, in <module>
    import pdfplumber
ModuleNotFoundError: No module named 'pdfplumber'
[2024-10-09T00:45:27.768+0000] {processor.py:927} WARNING - No viable dags retrieved from /opt/airflow/dags/Pypdf_Pipeline.py
[2024-10-09T00:45:27.781+0000] {processor.py:208} INFO - Processing /opt/airflow/dags/Pypdf_Pipeline.py took 0.124 seconds
[2024-10-09T00:45:58.238+0000] {processor.py:186} INFO - Started process (PID=612) to work on /opt/airflow/dags/Pypdf_Pipeline.py
[2024-10-09T00:45:58.240+0000] {processor.py:914} INFO - Processing file /opt/airflow/dags/Pypdf_Pipeline.py for tasks to queue
[2024-10-09T00:45:58.243+0000] {logging_mixin.py:190} INFO - [2024-10-09T00:45:58.243+0000] {dagbag.py:588} INFO - Filling up the DagBag from /opt/airflow/dags/Pypdf_Pipeline.py
[2024-10-09T00:45:58.316+0000] {logging_mixin.py:190} INFO - [2024-10-09T00:45:58.315+0000] {dagbag.py:387} ERROR - Failed to import: /opt/airflow/dags/Pypdf_Pipeline.py
Traceback (most recent call last):
  File "/home/airflow/.local/lib/python3.12/site-packages/airflow/models/dagbag.py", line 383, in parse
    loader.exec_module(new_module)
  File "<frozen importlib._bootstrap_external>", line 995, in exec_module
  File "<frozen importlib._bootstrap>", line 488, in _call_with_frames_removed
  File "/opt/airflow/dags/Pypdf_Pipeline.py", line 6, in <module>
    import pdfplumber
ModuleNotFoundError: No module named 'pdfplumber'
[2024-10-09T00:45:58.316+0000] {processor.py:927} WARNING - No viable dags retrieved from /opt/airflow/dags/Pypdf_Pipeline.py
[2024-10-09T00:45:58.327+0000] {processor.py:208} INFO - Processing /opt/airflow/dags/Pypdf_Pipeline.py took 0.101 seconds
[2024-10-09T00:46:28.821+0000] {processor.py:186} INFO - Started process (PID=619) to work on /opt/airflow/dags/Pypdf_Pipeline.py
[2024-10-09T00:46:28.824+0000] {processor.py:914} INFO - Processing file /opt/airflow/dags/Pypdf_Pipeline.py for tasks to queue
[2024-10-09T00:46:28.828+0000] {logging_mixin.py:190} INFO - [2024-10-09T00:46:28.828+0000] {dagbag.py:588} INFO - Filling up the DagBag from /opt/airflow/dags/Pypdf_Pipeline.py
[2024-10-09T00:46:28.913+0000] {logging_mixin.py:190} INFO - [2024-10-09T00:46:28.912+0000] {dagbag.py:387} ERROR - Failed to import: /opt/airflow/dags/Pypdf_Pipeline.py
Traceback (most recent call last):
  File "/home/airflow/.local/lib/python3.12/site-packages/airflow/models/dagbag.py", line 383, in parse
    loader.exec_module(new_module)
  File "<frozen importlib._bootstrap_external>", line 995, in exec_module
  File "<frozen importlib._bootstrap>", line 488, in _call_with_frames_removed
  File "/opt/airflow/dags/Pypdf_Pipeline.py", line 6, in <module>
    import pdfplumber
ModuleNotFoundError: No module named 'pdfplumber'
[2024-10-09T00:46:28.913+0000] {processor.py:927} WARNING - No viable dags retrieved from /opt/airflow/dags/Pypdf_Pipeline.py
[2024-10-09T00:46:28.926+0000] {processor.py:208} INFO - Processing /opt/airflow/dags/Pypdf_Pipeline.py took 0.118 seconds
[2024-10-09T00:46:59.468+0000] {processor.py:186} INFO - Started process (PID=626) to work on /opt/airflow/dags/Pypdf_Pipeline.py
[2024-10-09T00:46:59.471+0000] {processor.py:914} INFO - Processing file /opt/airflow/dags/Pypdf_Pipeline.py for tasks to queue
[2024-10-09T00:46:59.474+0000] {logging_mixin.py:190} INFO - [2024-10-09T00:46:59.474+0000] {dagbag.py:588} INFO - Filling up the DagBag from /opt/airflow/dags/Pypdf_Pipeline.py
[2024-10-09T00:46:59.557+0000] {logging_mixin.py:190} INFO - [2024-10-09T00:46:59.556+0000] {dagbag.py:387} ERROR - Failed to import: /opt/airflow/dags/Pypdf_Pipeline.py
Traceback (most recent call last):
  File "/home/airflow/.local/lib/python3.12/site-packages/airflow/models/dagbag.py", line 383, in parse
    loader.exec_module(new_module)
  File "<frozen importlib._bootstrap_external>", line 995, in exec_module
  File "<frozen importlib._bootstrap>", line 488, in _call_with_frames_removed
  File "/opt/airflow/dags/Pypdf_Pipeline.py", line 6, in <module>
    import pdfplumber
ModuleNotFoundError: No module named 'pdfplumber'
[2024-10-09T00:46:59.558+0000] {processor.py:927} WARNING - No viable dags retrieved from /opt/airflow/dags/Pypdf_Pipeline.py
[2024-10-09T00:46:59.571+0000] {processor.py:208} INFO - Processing /opt/airflow/dags/Pypdf_Pipeline.py took 0.117 seconds
[2024-10-09T00:47:37.338+0000] {processor.py:186} INFO - Started process (PID=68) to work on /opt/airflow/dags/Pypdf_Pipeline.py
[2024-10-09T00:47:37.341+0000] {processor.py:914} INFO - Processing file /opt/airflow/dags/Pypdf_Pipeline.py for tasks to queue
[2024-10-09T00:47:37.344+0000] {logging_mixin.py:190} INFO - [2024-10-09T00:47:37.344+0000] {dagbag.py:588} INFO - Filling up the DagBag from /opt/airflow/dags/Pypdf_Pipeline.py
[2024-10-09T00:47:38.086+0000] {logging_mixin.py:190} INFO - [2024-10-09T00:47:38.085+0000] {dagbag.py:387} ERROR - Failed to import: /opt/airflow/dags/Pypdf_Pipeline.py
Traceback (most recent call last):
  File "/home/airflow/.local/lib/python3.12/site-packages/airflow/models/dagbag.py", line 383, in parse
    loader.exec_module(new_module)
  File "<frozen importlib._bootstrap_external>", line 995, in exec_module
  File "<frozen importlib._bootstrap>", line 488, in _call_with_frames_removed
  File "/opt/airflow/dags/Pypdf_Pipeline.py", line 6, in <module>
    import pdfplumber
ModuleNotFoundError: No module named 'pdfplumber'
[2024-10-09T00:47:38.086+0000] {processor.py:927} WARNING - No viable dags retrieved from /opt/airflow/dags/Pypdf_Pipeline.py
[2024-10-09T00:47:38.100+0000] {processor.py:208} INFO - Processing /opt/airflow/dags/Pypdf_Pipeline.py took 0.773 seconds
[2024-10-09T00:48:08.523+0000] {processor.py:186} INFO - Started process (PID=75) to work on /opt/airflow/dags/Pypdf_Pipeline.py
[2024-10-09T00:48:08.526+0000] {processor.py:914} INFO - Processing file /opt/airflow/dags/Pypdf_Pipeline.py for tasks to queue
[2024-10-09T00:48:08.538+0000] {logging_mixin.py:190} INFO - [2024-10-09T00:48:08.536+0000] {dagbag.py:588} INFO - Filling up the DagBag from /opt/airflow/dags/Pypdf_Pipeline.py
[2024-10-09T00:48:08.868+0000] {logging_mixin.py:190} INFO - [2024-10-09T00:48:08.867+0000] {dagbag.py:387} ERROR - Failed to import: /opt/airflow/dags/Pypdf_Pipeline.py
Traceback (most recent call last):
  File "/home/airflow/.local/lib/python3.12/site-packages/airflow/models/dagbag.py", line 383, in parse
    loader.exec_module(new_module)
  File "<frozen importlib._bootstrap_external>", line 995, in exec_module
  File "<frozen importlib._bootstrap>", line 488, in _call_with_frames_removed
  File "/opt/airflow/dags/Pypdf_Pipeline.py", line 6, in <module>
    import pdfplumber
ModuleNotFoundError: No module named 'pdfplumber'
[2024-10-09T00:48:08.869+0000] {processor.py:927} WARNING - No viable dags retrieved from /opt/airflow/dags/Pypdf_Pipeline.py
[2024-10-09T00:48:08.882+0000] {processor.py:208} INFO - Processing /opt/airflow/dags/Pypdf_Pipeline.py took 0.373 seconds
[2024-10-09T00:48:39.065+0000] {processor.py:186} INFO - Started process (PID=82) to work on /opt/airflow/dags/Pypdf_Pipeline.py
[2024-10-09T00:48:39.068+0000] {processor.py:914} INFO - Processing file /opt/airflow/dags/Pypdf_Pipeline.py for tasks to queue
[2024-10-09T00:48:39.070+0000] {logging_mixin.py:190} INFO - [2024-10-09T00:48:39.070+0000] {dagbag.py:588} INFO - Filling up the DagBag from /opt/airflow/dags/Pypdf_Pipeline.py
[2024-10-09T00:48:39.269+0000] {logging_mixin.py:190} INFO - [2024-10-09T00:48:39.268+0000] {dagbag.py:387} ERROR - Failed to import: /opt/airflow/dags/Pypdf_Pipeline.py
Traceback (most recent call last):
  File "/home/airflow/.local/lib/python3.12/site-packages/airflow/models/dagbag.py", line 383, in parse
    loader.exec_module(new_module)
  File "<frozen importlib._bootstrap_external>", line 995, in exec_module
  File "<frozen importlib._bootstrap>", line 488, in _call_with_frames_removed
  File "/opt/airflow/dags/Pypdf_Pipeline.py", line 6, in <module>
    import pdfplumber
ModuleNotFoundError: No module named 'pdfplumber'
[2024-10-09T00:48:39.270+0000] {processor.py:927} WARNING - No viable dags retrieved from /opt/airflow/dags/Pypdf_Pipeline.py
[2024-10-09T00:48:39.279+0000] {processor.py:208} INFO - Processing /opt/airflow/dags/Pypdf_Pipeline.py took 0.222 seconds
[2024-10-09T00:49:09.836+0000] {processor.py:186} INFO - Started process (PID=89) to work on /opt/airflow/dags/Pypdf_Pipeline.py
[2024-10-09T00:49:09.851+0000] {processor.py:914} INFO - Processing file /opt/airflow/dags/Pypdf_Pipeline.py for tasks to queue
[2024-10-09T00:49:09.854+0000] {logging_mixin.py:190} INFO - [2024-10-09T00:49:09.853+0000] {dagbag.py:588} INFO - Filling up the DagBag from /opt/airflow/dags/Pypdf_Pipeline.py
[2024-10-09T00:49:10.258+0000] {logging_mixin.py:190} INFO - [2024-10-09T00:49:10.255+0000] {dagbag.py:387} ERROR - Failed to import: /opt/airflow/dags/Pypdf_Pipeline.py
Traceback (most recent call last):
  File "/home/airflow/.local/lib/python3.12/site-packages/airflow/models/dagbag.py", line 383, in parse
    loader.exec_module(new_module)
  File "<frozen importlib._bootstrap_external>", line 995, in exec_module
  File "<frozen importlib._bootstrap>", line 488, in _call_with_frames_removed
  File "/opt/airflow/dags/Pypdf_Pipeline.py", line 6, in <module>
    import pdfplumber
ModuleNotFoundError: No module named 'pdfplumber'
[2024-10-09T00:49:10.258+0000] {processor.py:927} WARNING - No viable dags retrieved from /opt/airflow/dags/Pypdf_Pipeline.py
[2024-10-09T00:49:10.299+0000] {processor.py:208} INFO - Processing /opt/airflow/dags/Pypdf_Pipeline.py took 0.478 seconds
[2024-10-09T00:49:40.605+0000] {processor.py:186} INFO - Started process (PID=96) to work on /opt/airflow/dags/Pypdf_Pipeline.py
[2024-10-09T00:49:40.609+0000] {processor.py:914} INFO - Processing file /opt/airflow/dags/Pypdf_Pipeline.py for tasks to queue
[2024-10-09T00:49:40.612+0000] {logging_mixin.py:190} INFO - [2024-10-09T00:49:40.611+0000] {dagbag.py:588} INFO - Filling up the DagBag from /opt/airflow/dags/Pypdf_Pipeline.py
[2024-10-09T00:49:40.812+0000] {logging_mixin.py:190} INFO - [2024-10-09T00:49:40.811+0000] {dagbag.py:387} ERROR - Failed to import: /opt/airflow/dags/Pypdf_Pipeline.py
Traceback (most recent call last):
  File "/home/airflow/.local/lib/python3.12/site-packages/airflow/models/dagbag.py", line 383, in parse
    loader.exec_module(new_module)
  File "<frozen importlib._bootstrap_external>", line 995, in exec_module
  File "<frozen importlib._bootstrap>", line 488, in _call_with_frames_removed
  File "/opt/airflow/dags/Pypdf_Pipeline.py", line 6, in <module>
    import pdfplumber
ModuleNotFoundError: No module named 'pdfplumber'
[2024-10-09T00:49:40.813+0000] {processor.py:927} WARNING - No viable dags retrieved from /opt/airflow/dags/Pypdf_Pipeline.py
[2024-10-09T00:49:40.824+0000] {processor.py:208} INFO - Processing /opt/airflow/dags/Pypdf_Pipeline.py took 0.227 seconds
[2024-10-09T00:50:11.056+0000] {processor.py:186} INFO - Started process (PID=103) to work on /opt/airflow/dags/Pypdf_Pipeline.py
[2024-10-09T00:50:11.059+0000] {processor.py:914} INFO - Processing file /opt/airflow/dags/Pypdf_Pipeline.py for tasks to queue
[2024-10-09T00:50:11.063+0000] {logging_mixin.py:190} INFO - [2024-10-09T00:50:11.063+0000] {dagbag.py:588} INFO - Filling up the DagBag from /opt/airflow/dags/Pypdf_Pipeline.py
[2024-10-09T00:50:11.282+0000] {logging_mixin.py:190} INFO - [2024-10-09T00:50:11.281+0000] {dagbag.py:387} ERROR - Failed to import: /opt/airflow/dags/Pypdf_Pipeline.py
Traceback (most recent call last):
  File "/home/airflow/.local/lib/python3.12/site-packages/airflow/models/dagbag.py", line 383, in parse
    loader.exec_module(new_module)
  File "<frozen importlib._bootstrap_external>", line 995, in exec_module
  File "<frozen importlib._bootstrap>", line 488, in _call_with_frames_removed
  File "/opt/airflow/dags/Pypdf_Pipeline.py", line 6, in <module>
    import pdfplumber
ModuleNotFoundError: No module named 'pdfplumber'
[2024-10-09T00:50:11.283+0000] {processor.py:927} WARNING - No viable dags retrieved from /opt/airflow/dags/Pypdf_Pipeline.py
[2024-10-09T00:50:11.293+0000] {processor.py:208} INFO - Processing /opt/airflow/dags/Pypdf_Pipeline.py took 0.246 seconds
[2024-10-09T00:50:41.622+0000] {processor.py:186} INFO - Started process (PID=110) to work on /opt/airflow/dags/Pypdf_Pipeline.py
[2024-10-09T00:50:41.625+0000] {processor.py:914} INFO - Processing file /opt/airflow/dags/Pypdf_Pipeline.py for tasks to queue
[2024-10-09T00:50:41.630+0000] {logging_mixin.py:190} INFO - [2024-10-09T00:50:41.629+0000] {dagbag.py:588} INFO - Filling up the DagBag from /opt/airflow/dags/Pypdf_Pipeline.py
[2024-10-09T00:50:41.855+0000] {logging_mixin.py:190} INFO - [2024-10-09T00:50:41.854+0000] {dagbag.py:387} ERROR - Failed to import: /opt/airflow/dags/Pypdf_Pipeline.py
Traceback (most recent call last):
  File "/home/airflow/.local/lib/python3.12/site-packages/airflow/models/dagbag.py", line 383, in parse
    loader.exec_module(new_module)
  File "<frozen importlib._bootstrap_external>", line 995, in exec_module
  File "<frozen importlib._bootstrap>", line 488, in _call_with_frames_removed
  File "/opt/airflow/dags/Pypdf_Pipeline.py", line 6, in <module>
    import pdfplumber
ModuleNotFoundError: No module named 'pdfplumber'
[2024-10-09T00:50:41.855+0000] {processor.py:927} WARNING - No viable dags retrieved from /opt/airflow/dags/Pypdf_Pipeline.py
[2024-10-09T00:50:41.865+0000] {processor.py:208} INFO - Processing /opt/airflow/dags/Pypdf_Pipeline.py took 0.254 seconds
[2024-10-09T00:51:12.083+0000] {processor.py:186} INFO - Started process (PID=117) to work on /opt/airflow/dags/Pypdf_Pipeline.py
[2024-10-09T00:51:12.086+0000] {processor.py:914} INFO - Processing file /opt/airflow/dags/Pypdf_Pipeline.py for tasks to queue
[2024-10-09T00:51:12.088+0000] {logging_mixin.py:190} INFO - [2024-10-09T00:51:12.088+0000] {dagbag.py:588} INFO - Filling up the DagBag from /opt/airflow/dags/Pypdf_Pipeline.py
[2024-10-09T00:51:12.151+0000] {logging_mixin.py:190} INFO - [2024-10-09T00:51:12.150+0000] {dagbag.py:387} ERROR - Failed to import: /opt/airflow/dags/Pypdf_Pipeline.py
Traceback (most recent call last):
  File "/home/airflow/.local/lib/python3.12/site-packages/airflow/models/dagbag.py", line 383, in parse
    loader.exec_module(new_module)
  File "<frozen importlib._bootstrap_external>", line 995, in exec_module
  File "<frozen importlib._bootstrap>", line 488, in _call_with_frames_removed
  File "/opt/airflow/dags/Pypdf_Pipeline.py", line 6, in <module>
    import pdfplumber
ModuleNotFoundError: No module named 'pdfplumber'
[2024-10-09T00:51:12.152+0000] {processor.py:927} WARNING - No viable dags retrieved from /opt/airflow/dags/Pypdf_Pipeline.py
[2024-10-09T00:51:12.163+0000] {processor.py:208} INFO - Processing /opt/airflow/dags/Pypdf_Pipeline.py took 0.089 seconds
[2024-10-09T00:51:42.576+0000] {processor.py:186} INFO - Started process (PID=124) to work on /opt/airflow/dags/Pypdf_Pipeline.py
[2024-10-09T00:51:42.585+0000] {processor.py:914} INFO - Processing file /opt/airflow/dags/Pypdf_Pipeline.py for tasks to queue
[2024-10-09T00:51:42.598+0000] {logging_mixin.py:190} INFO - [2024-10-09T00:51:42.597+0000] {dagbag.py:588} INFO - Filling up the DagBag from /opt/airflow/dags/Pypdf_Pipeline.py
[2024-10-09T00:51:42.678+0000] {logging_mixin.py:190} INFO - [2024-10-09T00:51:42.677+0000] {dagbag.py:387} ERROR - Failed to import: /opt/airflow/dags/Pypdf_Pipeline.py
Traceback (most recent call last):
  File "/home/airflow/.local/lib/python3.12/site-packages/airflow/models/dagbag.py", line 383, in parse
    loader.exec_module(new_module)
  File "<frozen importlib._bootstrap_external>", line 995, in exec_module
  File "<frozen importlib._bootstrap>", line 488, in _call_with_frames_removed
  File "/opt/airflow/dags/Pypdf_Pipeline.py", line 6, in <module>
    import pdfplumber
ModuleNotFoundError: No module named 'pdfplumber'
[2024-10-09T00:51:42.679+0000] {processor.py:927} WARNING - No viable dags retrieved from /opt/airflow/dags/Pypdf_Pipeline.py
[2024-10-09T00:51:42.696+0000] {processor.py:208} INFO - Processing /opt/airflow/dags/Pypdf_Pipeline.py took 0.152 seconds
[2024-10-09T00:52:12.969+0000] {processor.py:186} INFO - Started process (PID=131) to work on /opt/airflow/dags/Pypdf_Pipeline.py
[2024-10-09T00:52:12.971+0000] {processor.py:914} INFO - Processing file /opt/airflow/dags/Pypdf_Pipeline.py for tasks to queue
[2024-10-09T00:52:12.979+0000] {logging_mixin.py:190} INFO - [2024-10-09T00:52:12.978+0000] {dagbag.py:588} INFO - Filling up the DagBag from /opt/airflow/dags/Pypdf_Pipeline.py
[2024-10-09T00:52:13.047+0000] {logging_mixin.py:190} INFO - [2024-10-09T00:52:13.046+0000] {dagbag.py:387} ERROR - Failed to import: /opt/airflow/dags/Pypdf_Pipeline.py
Traceback (most recent call last):
  File "/home/airflow/.local/lib/python3.12/site-packages/airflow/models/dagbag.py", line 383, in parse
    loader.exec_module(new_module)
  File "<frozen importlib._bootstrap_external>", line 995, in exec_module
  File "<frozen importlib._bootstrap>", line 488, in _call_with_frames_removed
  File "/opt/airflow/dags/Pypdf_Pipeline.py", line 6, in <module>
    import pdfplumber
ModuleNotFoundError: No module named 'pdfplumber'
[2024-10-09T00:52:13.047+0000] {processor.py:927} WARNING - No viable dags retrieved from /opt/airflow/dags/Pypdf_Pipeline.py
[2024-10-09T00:52:13.068+0000] {processor.py:208} INFO - Processing /opt/airflow/dags/Pypdf_Pipeline.py took 0.107 seconds
[2024-10-09T00:52:43.435+0000] {processor.py:186} INFO - Started process (PID=138) to work on /opt/airflow/dags/Pypdf_Pipeline.py
[2024-10-09T00:52:43.437+0000] {processor.py:914} INFO - Processing file /opt/airflow/dags/Pypdf_Pipeline.py for tasks to queue
[2024-10-09T00:52:43.440+0000] {logging_mixin.py:190} INFO - [2024-10-09T00:52:43.440+0000] {dagbag.py:588} INFO - Filling up the DagBag from /opt/airflow/dags/Pypdf_Pipeline.py
[2024-10-09T00:52:43.561+0000] {logging_mixin.py:190} INFO - [2024-10-09T00:52:43.560+0000] {dagbag.py:387} ERROR - Failed to import: /opt/airflow/dags/Pypdf_Pipeline.py
Traceback (most recent call last):
  File "/home/airflow/.local/lib/python3.12/site-packages/airflow/models/dagbag.py", line 383, in parse
    loader.exec_module(new_module)
  File "<frozen importlib._bootstrap_external>", line 995, in exec_module
  File "<frozen importlib._bootstrap>", line 488, in _call_with_frames_removed
  File "/opt/airflow/dags/Pypdf_Pipeline.py", line 6, in <module>
    import pdfplumber
ModuleNotFoundError: No module named 'pdfplumber'
[2024-10-09T00:52:43.562+0000] {processor.py:927} WARNING - No viable dags retrieved from /opt/airflow/dags/Pypdf_Pipeline.py
[2024-10-09T00:52:43.576+0000] {processor.py:208} INFO - Processing /opt/airflow/dags/Pypdf_Pipeline.py took 0.149 seconds
[2024-10-09T00:53:13.862+0000] {processor.py:186} INFO - Started process (PID=145) to work on /opt/airflow/dags/Pypdf_Pipeline.py
[2024-10-09T00:53:13.864+0000] {processor.py:914} INFO - Processing file /opt/airflow/dags/Pypdf_Pipeline.py for tasks to queue
[2024-10-09T00:53:13.868+0000] {logging_mixin.py:190} INFO - [2024-10-09T00:53:13.867+0000] {dagbag.py:588} INFO - Filling up the DagBag from /opt/airflow/dags/Pypdf_Pipeline.py
[2024-10-09T00:53:13.953+0000] {logging_mixin.py:190} INFO - [2024-10-09T00:53:13.952+0000] {dagbag.py:387} ERROR - Failed to import: /opt/airflow/dags/Pypdf_Pipeline.py
Traceback (most recent call last):
  File "/home/airflow/.local/lib/python3.12/site-packages/airflow/models/dagbag.py", line 383, in parse
    loader.exec_module(new_module)
  File "<frozen importlib._bootstrap_external>", line 995, in exec_module
  File "<frozen importlib._bootstrap>", line 488, in _call_with_frames_removed
  File "/opt/airflow/dags/Pypdf_Pipeline.py", line 6, in <module>
    import pdfplumber
ModuleNotFoundError: No module named 'pdfplumber'
[2024-10-09T00:53:13.954+0000] {processor.py:927} WARNING - No viable dags retrieved from /opt/airflow/dags/Pypdf_Pipeline.py
[2024-10-09T00:53:13.966+0000] {processor.py:208} INFO - Processing /opt/airflow/dags/Pypdf_Pipeline.py took 0.113 seconds
[2024-10-09T00:53:44.265+0000] {processor.py:186} INFO - Started process (PID=152) to work on /opt/airflow/dags/Pypdf_Pipeline.py
[2024-10-09T00:53:44.266+0000] {processor.py:914} INFO - Processing file /opt/airflow/dags/Pypdf_Pipeline.py for tasks to queue
[2024-10-09T00:53:44.268+0000] {logging_mixin.py:190} INFO - [2024-10-09T00:53:44.268+0000] {dagbag.py:588} INFO - Filling up the DagBag from /opt/airflow/dags/Pypdf_Pipeline.py
[2024-10-09T00:53:44.353+0000] {logging_mixin.py:190} INFO - [2024-10-09T00:53:44.352+0000] {dagbag.py:387} ERROR - Failed to import: /opt/airflow/dags/Pypdf_Pipeline.py
Traceback (most recent call last):
  File "/home/airflow/.local/lib/python3.12/site-packages/airflow/models/dagbag.py", line 383, in parse
    loader.exec_module(new_module)
  File "<frozen importlib._bootstrap_external>", line 995, in exec_module
  File "<frozen importlib._bootstrap>", line 488, in _call_with_frames_removed
  File "/opt/airflow/dags/Pypdf_Pipeline.py", line 6, in <module>
    import pdfplumber
ModuleNotFoundError: No module named 'pdfplumber'
[2024-10-09T00:53:44.353+0000] {processor.py:927} WARNING - No viable dags retrieved from /opt/airflow/dags/Pypdf_Pipeline.py
[2024-10-09T00:53:44.364+0000] {processor.py:208} INFO - Processing /opt/airflow/dags/Pypdf_Pipeline.py took 0.102 seconds
[2024-10-09T00:54:14.789+0000] {processor.py:186} INFO - Started process (PID=159) to work on /opt/airflow/dags/Pypdf_Pipeline.py
[2024-10-09T00:54:14.791+0000] {processor.py:914} INFO - Processing file /opt/airflow/dags/Pypdf_Pipeline.py for tasks to queue
[2024-10-09T00:54:14.810+0000] {logging_mixin.py:190} INFO - [2024-10-09T00:54:14.806+0000] {dagbag.py:588} INFO - Filling up the DagBag from /opt/airflow/dags/Pypdf_Pipeline.py
[2024-10-09T00:54:14.886+0000] {logging_mixin.py:190} INFO - [2024-10-09T00:54:14.885+0000] {dagbag.py:387} ERROR - Failed to import: /opt/airflow/dags/Pypdf_Pipeline.py
Traceback (most recent call last):
  File "/home/airflow/.local/lib/python3.12/site-packages/airflow/models/dagbag.py", line 383, in parse
    loader.exec_module(new_module)
  File "<frozen importlib._bootstrap_external>", line 995, in exec_module
  File "<frozen importlib._bootstrap>", line 488, in _call_with_frames_removed
  File "/opt/airflow/dags/Pypdf_Pipeline.py", line 6, in <module>
    import pdfplumber
ModuleNotFoundError: No module named 'pdfplumber'
[2024-10-09T00:54:14.886+0000] {processor.py:927} WARNING - No viable dags retrieved from /opt/airflow/dags/Pypdf_Pipeline.py
[2024-10-09T00:54:14.898+0000] {processor.py:208} INFO - Processing /opt/airflow/dags/Pypdf_Pipeline.py took 0.119 seconds
[2024-10-09T00:54:45.304+0000] {processor.py:186} INFO - Started process (PID=166) to work on /opt/airflow/dags/Pypdf_Pipeline.py
[2024-10-09T00:54:45.310+0000] {processor.py:914} INFO - Processing file /opt/airflow/dags/Pypdf_Pipeline.py for tasks to queue
[2024-10-09T00:54:45.315+0000] {logging_mixin.py:190} INFO - [2024-10-09T00:54:45.314+0000] {dagbag.py:588} INFO - Filling up the DagBag from /opt/airflow/dags/Pypdf_Pipeline.py
[2024-10-09T00:54:45.406+0000] {logging_mixin.py:190} INFO - [2024-10-09T00:54:45.404+0000] {dagbag.py:387} ERROR - Failed to import: /opt/airflow/dags/Pypdf_Pipeline.py
Traceback (most recent call last):
  File "/home/airflow/.local/lib/python3.12/site-packages/airflow/models/dagbag.py", line 383, in parse
    loader.exec_module(new_module)
  File "<frozen importlib._bootstrap_external>", line 995, in exec_module
  File "<frozen importlib._bootstrap>", line 488, in _call_with_frames_removed
  File "/opt/airflow/dags/Pypdf_Pipeline.py", line 6, in <module>
    import pdfplumber
ModuleNotFoundError: No module named 'pdfplumber'
[2024-10-09T00:54:45.406+0000] {processor.py:927} WARNING - No viable dags retrieved from /opt/airflow/dags/Pypdf_Pipeline.py
[2024-10-09T00:54:45.435+0000] {processor.py:208} INFO - Processing /opt/airflow/dags/Pypdf_Pipeline.py took 0.140 seconds
[2024-10-09T00:55:15.691+0000] {processor.py:186} INFO - Started process (PID=173) to work on /opt/airflow/dags/Pypdf_Pipeline.py
[2024-10-09T00:55:15.694+0000] {processor.py:914} INFO - Processing file /opt/airflow/dags/Pypdf_Pipeline.py for tasks to queue
[2024-10-09T00:55:15.698+0000] {logging_mixin.py:190} INFO - [2024-10-09T00:55:15.697+0000] {dagbag.py:588} INFO - Filling up the DagBag from /opt/airflow/dags/Pypdf_Pipeline.py
[2024-10-09T00:55:15.765+0000] {logging_mixin.py:190} INFO - [2024-10-09T00:55:15.764+0000] {dagbag.py:387} ERROR - Failed to import: /opt/airflow/dags/Pypdf_Pipeline.py
Traceback (most recent call last):
  File "/home/airflow/.local/lib/python3.12/site-packages/airflow/models/dagbag.py", line 383, in parse
    loader.exec_module(new_module)
  File "<frozen importlib._bootstrap_external>", line 995, in exec_module
  File "<frozen importlib._bootstrap>", line 488, in _call_with_frames_removed
  File "/opt/airflow/dags/Pypdf_Pipeline.py", line 6, in <module>
    import pdfplumber
ModuleNotFoundError: No module named 'pdfplumber'
[2024-10-09T00:55:15.765+0000] {processor.py:927} WARNING - No viable dags retrieved from /opt/airflow/dags/Pypdf_Pipeline.py
[2024-10-09T00:55:15.774+0000] {processor.py:208} INFO - Processing /opt/airflow/dags/Pypdf_Pipeline.py took 0.092 seconds
[2024-10-09T00:55:46.193+0000] {processor.py:186} INFO - Started process (PID=180) to work on /opt/airflow/dags/Pypdf_Pipeline.py
[2024-10-09T00:55:46.195+0000] {processor.py:914} INFO - Processing file /opt/airflow/dags/Pypdf_Pipeline.py for tasks to queue
[2024-10-09T00:55:46.198+0000] {logging_mixin.py:190} INFO - [2024-10-09T00:55:46.198+0000] {dagbag.py:588} INFO - Filling up the DagBag from /opt/airflow/dags/Pypdf_Pipeline.py
[2024-10-09T00:55:46.268+0000] {logging_mixin.py:190} INFO - [2024-10-09T00:55:46.267+0000] {dagbag.py:387} ERROR - Failed to import: /opt/airflow/dags/Pypdf_Pipeline.py
Traceback (most recent call last):
  File "/home/airflow/.local/lib/python3.12/site-packages/airflow/models/dagbag.py", line 383, in parse
    loader.exec_module(new_module)
  File "<frozen importlib._bootstrap_external>", line 995, in exec_module
  File "<frozen importlib._bootstrap>", line 488, in _call_with_frames_removed
  File "/opt/airflow/dags/Pypdf_Pipeline.py", line 6, in <module>
    import pdfplumber
ModuleNotFoundError: No module named 'pdfplumber'
[2024-10-09T00:55:46.269+0000] {processor.py:927} WARNING - No viable dags retrieved from /opt/airflow/dags/Pypdf_Pipeline.py
[2024-10-09T00:55:46.290+0000] {processor.py:208} INFO - Processing /opt/airflow/dags/Pypdf_Pipeline.py took 0.103 seconds
[2024-10-09T01:18:50.250+0000] {processor.py:186} INFO - Started process (PID=67) to work on /opt/airflow/dags/Pypdf_Pipeline.py
[2024-10-09T01:18:50.259+0000] {processor.py:914} INFO - Processing file /opt/airflow/dags/Pypdf_Pipeline.py for tasks to queue
[2024-10-09T01:18:50.263+0000] {logging_mixin.py:190} INFO - [2024-10-09T01:18:50.263+0000] {dagbag.py:588} INFO - Filling up the DagBag from /opt/airflow/dags/Pypdf_Pipeline.py
[2024-10-09T01:18:56.257+0000] {processor.py:925} INFO - DAG(s) 's3_pdf_extraction_pipeline' retrieved from /opt/airflow/dags/Pypdf_Pipeline.py
[2024-10-09T01:18:56.808+0000] {logging_mixin.py:190} INFO - [2024-10-09T01:18:56.806+0000] {override.py:1900} INFO - Created Permission View: can edit on DAG:s3_pdf_extraction_pipeline
[2024-10-09T01:18:56.842+0000] {logging_mixin.py:190} INFO - [2024-10-09T01:18:56.842+0000] {override.py:1900} INFO - Created Permission View: can delete on DAG:s3_pdf_extraction_pipeline
[2024-10-09T01:18:56.851+0000] {logging_mixin.py:190} INFO - [2024-10-09T01:18:56.851+0000] {override.py:1900} INFO - Created Permission View: can read on DAG:s3_pdf_extraction_pipeline
[2024-10-09T01:18:56.863+0000] {logging_mixin.py:190} INFO - [2024-10-09T01:18:56.863+0000] {override.py:1900} INFO - Created Permission View: can create on DAG Run:s3_pdf_extraction_pipeline
[2024-10-09T01:18:56.868+0000] {logging_mixin.py:190} INFO - [2024-10-09T01:18:56.868+0000] {override.py:1900} INFO - Created Permission View: menu access on DAG Run:s3_pdf_extraction_pipeline
[2024-10-09T01:18:56.877+0000] {logging_mixin.py:190} INFO - [2024-10-09T01:18:56.876+0000] {override.py:1900} INFO - Created Permission View: can delete on DAG Run:s3_pdf_extraction_pipeline
[2024-10-09T01:18:56.886+0000] {logging_mixin.py:190} INFO - [2024-10-09T01:18:56.886+0000] {override.py:1900} INFO - Created Permission View: can read on DAG Run:s3_pdf_extraction_pipeline
[2024-10-09T01:18:56.889+0000] {logging_mixin.py:190} INFO - [2024-10-09T01:18:56.887+0000] {dag.py:3239} INFO - Sync 1 DAGs
[2024-10-09T01:18:56.922+0000] {logging_mixin.py:190} INFO - [2024-10-09T01:18:56.921+0000] {dag.py:3262} INFO - Creating ORM DAG for s3_pdf_extraction_pipeline
[2024-10-09T01:18:56.939+0000] {logging_mixin.py:190} INFO - [2024-10-09T01:18:56.938+0000] {dag.py:4180} INFO - Setting next_dagrun for s3_pdf_extraction_pipeline to 2024-10-08 00:00:00+00:00, run_after=2024-10-09 00:00:00+00:00
[2024-10-09T01:18:56.968+0000] {processor.py:208} INFO - Processing /opt/airflow/dags/Pypdf_Pipeline.py took 6.741 seconds
[2024-10-09T01:19:27.807+0000] {processor.py:186} INFO - Started process (PID=81) to work on /opt/airflow/dags/Pypdf_Pipeline.py
[2024-10-09T01:19:27.810+0000] {processor.py:914} INFO - Processing file /opt/airflow/dags/Pypdf_Pipeline.py for tasks to queue
[2024-10-09T01:19:27.908+0000] {logging_mixin.py:190} INFO - [2024-10-09T01:19:27.904+0000] {dagbag.py:588} INFO - Filling up the DagBag from /opt/airflow/dags/Pypdf_Pipeline.py
[2024-10-09T01:19:34.558+0000] {processor.py:925} INFO - DAG(s) 's3_pdf_extraction_pipeline' retrieved from /opt/airflow/dags/Pypdf_Pipeline.py
[2024-10-09T01:19:34.651+0000] {logging_mixin.py:190} INFO - [2024-10-09T01:19:34.651+0000] {dag.py:3239} INFO - Sync 1 DAGs
[2024-10-09T01:19:34.756+0000] {logging_mixin.py:190} INFO - [2024-10-09T01:19:34.756+0000] {dag.py:4180} INFO - Setting next_dagrun for s3_pdf_extraction_pipeline to 2024-10-08 00:00:00+00:00, run_after=2024-10-09 00:00:00+00:00
[2024-10-09T01:19:34.776+0000] {processor.py:208} INFO - Processing /opt/airflow/dags/Pypdf_Pipeline.py took 6.999 seconds
[2024-10-09T01:20:06.142+0000] {processor.py:186} INFO - Started process (PID=89) to work on /opt/airflow/dags/Pypdf_Pipeline.py
[2024-10-09T01:20:06.147+0000] {processor.py:914} INFO - Processing file /opt/airflow/dags/Pypdf_Pipeline.py for tasks to queue
[2024-10-09T01:20:06.221+0000] {logging_mixin.py:190} INFO - [2024-10-09T01:20:06.219+0000] {dagbag.py:588} INFO - Filling up the DagBag from /opt/airflow/dags/Pypdf_Pipeline.py
[2024-10-09T01:20:15.837+0000] {processor.py:925} INFO - DAG(s) 's3_pdf_extraction_pipeline' retrieved from /opt/airflow/dags/Pypdf_Pipeline.py
[2024-10-09T01:20:16.108+0000] {logging_mixin.py:190} INFO - [2024-10-09T01:20:16.104+0000] {dag.py:3239} INFO - Sync 1 DAGs
[2024-10-09T01:20:16.212+0000] {logging_mixin.py:190} INFO - [2024-10-09T01:20:16.211+0000] {dag.py:4180} INFO - Setting next_dagrun for s3_pdf_extraction_pipeline to 2024-10-08 00:00:00+00:00, run_after=2024-10-09 00:00:00+00:00
[2024-10-09T01:20:16.418+0000] {processor.py:208} INFO - Processing /opt/airflow/dags/Pypdf_Pipeline.py took 10.433 seconds
[2024-10-09T01:20:47.152+0000] {processor.py:186} INFO - Started process (PID=97) to work on /opt/airflow/dags/Pypdf_Pipeline.py
[2024-10-09T01:20:47.163+0000] {processor.py:914} INFO - Processing file /opt/airflow/dags/Pypdf_Pipeline.py for tasks to queue
[2024-10-09T01:20:47.187+0000] {logging_mixin.py:190} INFO - [2024-10-09T01:20:47.183+0000] {dagbag.py:588} INFO - Filling up the DagBag from /opt/airflow/dags/Pypdf_Pipeline.py
[2024-10-09T01:20:50.855+0000] {processor.py:925} INFO - DAG(s) 's3_pdf_extraction_pipeline' retrieved from /opt/airflow/dags/Pypdf_Pipeline.py
[2024-10-09T01:20:51.191+0000] {logging_mixin.py:190} INFO - [2024-10-09T01:20:51.191+0000] {dag.py:3239} INFO - Sync 1 DAGs
[2024-10-09T01:20:51.322+0000] {logging_mixin.py:190} INFO - [2024-10-09T01:20:51.321+0000] {dag.py:4180} INFO - Setting next_dagrun for s3_pdf_extraction_pipeline to 2024-10-09 00:00:00+00:00, run_after=2024-10-10 00:00:00+00:00
[2024-10-09T01:20:51.418+0000] {processor.py:208} INFO - Processing /opt/airflow/dags/Pypdf_Pipeline.py took 4.294 seconds
[2024-10-09T01:21:21.982+0000] {processor.py:186} INFO - Started process (PID=105) to work on /opt/airflow/dags/Pypdf_Pipeline.py
[2024-10-09T01:21:21.986+0000] {processor.py:914} INFO - Processing file /opt/airflow/dags/Pypdf_Pipeline.py for tasks to queue
[2024-10-09T01:21:22.046+0000] {logging_mixin.py:190} INFO - [2024-10-09T01:21:22.042+0000] {dagbag.py:588} INFO - Filling up the DagBag from /opt/airflow/dags/Pypdf_Pipeline.py
[2024-10-09T01:21:25.519+0000] {processor.py:925} INFO - DAG(s) 's3_pdf_extraction_pipeline' retrieved from /opt/airflow/dags/Pypdf_Pipeline.py
[2024-10-09T01:21:25.578+0000] {logging_mixin.py:190} INFO - [2024-10-09T01:21:25.578+0000] {dag.py:3239} INFO - Sync 1 DAGs
[2024-10-09T01:21:25.608+0000] {logging_mixin.py:190} INFO - [2024-10-09T01:21:25.608+0000] {dag.py:4180} INFO - Setting next_dagrun for s3_pdf_extraction_pipeline to 2024-10-09 00:00:00+00:00, run_after=2024-10-10 00:00:00+00:00
[2024-10-09T01:21:25.622+0000] {processor.py:208} INFO - Processing /opt/airflow/dags/Pypdf_Pipeline.py took 3.651 seconds
[2024-10-09T01:21:56.362+0000] {processor.py:186} INFO - Started process (PID=118) to work on /opt/airflow/dags/Pypdf_Pipeline.py
[2024-10-09T01:21:56.367+0000] {processor.py:914} INFO - Processing file /opt/airflow/dags/Pypdf_Pipeline.py for tasks to queue
[2024-10-09T01:21:56.378+0000] {logging_mixin.py:190} INFO - [2024-10-09T01:21:56.375+0000] {dagbag.py:588} INFO - Filling up the DagBag from /opt/airflow/dags/Pypdf_Pipeline.py
[2024-10-09T01:21:59.161+0000] {processor.py:925} INFO - DAG(s) 's3_pdf_extraction_pipeline' retrieved from /opt/airflow/dags/Pypdf_Pipeline.py
[2024-10-09T01:21:59.205+0000] {logging_mixin.py:190} INFO - [2024-10-09T01:21:59.205+0000] {dag.py:3239} INFO - Sync 1 DAGs
[2024-10-09T01:21:59.222+0000] {logging_mixin.py:190} INFO - [2024-10-09T01:21:59.222+0000] {dag.py:4180} INFO - Setting next_dagrun for s3_pdf_extraction_pipeline to 2024-10-09 00:00:00+00:00, run_after=2024-10-10 00:00:00+00:00
[2024-10-09T01:21:59.231+0000] {processor.py:208} INFO - Processing /opt/airflow/dags/Pypdf_Pipeline.py took 2.880 seconds
[2024-10-09T01:22:29.799+0000] {processor.py:186} INFO - Started process (PID=126) to work on /opt/airflow/dags/Pypdf_Pipeline.py
[2024-10-09T01:22:29.809+0000] {processor.py:914} INFO - Processing file /opt/airflow/dags/Pypdf_Pipeline.py for tasks to queue
[2024-10-09T01:22:29.828+0000] {logging_mixin.py:190} INFO - [2024-10-09T01:22:29.828+0000] {dagbag.py:588} INFO - Filling up the DagBag from /opt/airflow/dags/Pypdf_Pipeline.py
[2024-10-09T01:22:32.628+0000] {processor.py:925} INFO - DAG(s) 's3_pdf_extraction_pipeline' retrieved from /opt/airflow/dags/Pypdf_Pipeline.py
[2024-10-09T01:22:32.672+0000] {logging_mixin.py:190} INFO - [2024-10-09T01:22:32.672+0000] {dag.py:3239} INFO - Sync 1 DAGs
[2024-10-09T01:22:32.685+0000] {logging_mixin.py:190} INFO - [2024-10-09T01:22:32.685+0000] {dag.py:4180} INFO - Setting next_dagrun for s3_pdf_extraction_pipeline to 2024-10-09 00:00:00+00:00, run_after=2024-10-10 00:00:00+00:00
[2024-10-09T01:22:32.694+0000] {processor.py:208} INFO - Processing /opt/airflow/dags/Pypdf_Pipeline.py took 2.906 seconds
[2024-10-09T01:23:03.216+0000] {processor.py:186} INFO - Started process (PID=134) to work on /opt/airflow/dags/Pypdf_Pipeline.py
[2024-10-09T01:23:03.219+0000] {processor.py:914} INFO - Processing file /opt/airflow/dags/Pypdf_Pipeline.py for tasks to queue
[2024-10-09T01:23:03.222+0000] {logging_mixin.py:190} INFO - [2024-10-09T01:23:03.222+0000] {dagbag.py:588} INFO - Filling up the DagBag from /opt/airflow/dags/Pypdf_Pipeline.py
[2024-10-09T01:23:05.809+0000] {processor.py:925} INFO - DAG(s) 's3_pdf_extraction_pipeline' retrieved from /opt/airflow/dags/Pypdf_Pipeline.py
[2024-10-09T01:23:05.831+0000] {logging_mixin.py:190} INFO - [2024-10-09T01:23:05.831+0000] {dag.py:3239} INFO - Sync 1 DAGs
[2024-10-09T01:23:05.844+0000] {logging_mixin.py:190} INFO - [2024-10-09T01:23:05.844+0000] {dag.py:4180} INFO - Setting next_dagrun for s3_pdf_extraction_pipeline to 2024-10-09 00:00:00+00:00, run_after=2024-10-10 00:00:00+00:00
[2024-10-09T01:23:05.853+0000] {processor.py:208} INFO - Processing /opt/airflow/dags/Pypdf_Pipeline.py took 2.647 seconds
[2024-10-09T01:23:36.388+0000] {processor.py:186} INFO - Started process (PID=142) to work on /opt/airflow/dags/Pypdf_Pipeline.py
[2024-10-09T01:23:36.392+0000] {processor.py:914} INFO - Processing file /opt/airflow/dags/Pypdf_Pipeline.py for tasks to queue
[2024-10-09T01:23:36.395+0000] {logging_mixin.py:190} INFO - [2024-10-09T01:23:36.395+0000] {dagbag.py:588} INFO - Filling up the DagBag from /opt/airflow/dags/Pypdf_Pipeline.py
[2024-10-09T01:23:38.985+0000] {processor.py:925} INFO - DAG(s) 's3_pdf_extraction_pipeline' retrieved from /opt/airflow/dags/Pypdf_Pipeline.py
[2024-10-09T01:23:39.008+0000] {logging_mixin.py:190} INFO - [2024-10-09T01:23:39.007+0000] {dag.py:3239} INFO - Sync 1 DAGs
[2024-10-09T01:23:39.023+0000] {logging_mixin.py:190} INFO - [2024-10-09T01:23:39.022+0000] {dag.py:4180} INFO - Setting next_dagrun for s3_pdf_extraction_pipeline to 2024-10-09 00:00:00+00:00, run_after=2024-10-10 00:00:00+00:00
[2024-10-09T01:23:39.033+0000] {processor.py:208} INFO - Processing /opt/airflow/dags/Pypdf_Pipeline.py took 2.669 seconds
[2024-10-09T01:24:09.530+0000] {processor.py:186} INFO - Started process (PID=150) to work on /opt/airflow/dags/Pypdf_Pipeline.py
[2024-10-09T01:24:09.534+0000] {processor.py:914} INFO - Processing file /opt/airflow/dags/Pypdf_Pipeline.py for tasks to queue
[2024-10-09T01:24:09.537+0000] {logging_mixin.py:190} INFO - [2024-10-09T01:24:09.537+0000] {dagbag.py:588} INFO - Filling up the DagBag from /opt/airflow/dags/Pypdf_Pipeline.py
[2024-10-09T01:24:12.100+0000] {processor.py:925} INFO - DAG(s) 's3_pdf_extraction_pipeline' retrieved from /opt/airflow/dags/Pypdf_Pipeline.py
[2024-10-09T01:24:12.130+0000] {logging_mixin.py:190} INFO - [2024-10-09T01:24:12.130+0000] {dag.py:3239} INFO - Sync 1 DAGs
[2024-10-09T01:24:12.142+0000] {logging_mixin.py:190} INFO - [2024-10-09T01:24:12.142+0000] {dag.py:4180} INFO - Setting next_dagrun for s3_pdf_extraction_pipeline to 2024-10-09 00:00:00+00:00, run_after=2024-10-10 00:00:00+00:00
[2024-10-09T01:24:12.150+0000] {processor.py:208} INFO - Processing /opt/airflow/dags/Pypdf_Pipeline.py took 2.631 seconds
[2024-10-09T01:24:42.520+0000] {processor.py:186} INFO - Started process (PID=158) to work on /opt/airflow/dags/Pypdf_Pipeline.py
[2024-10-09T01:24:42.525+0000] {processor.py:914} INFO - Processing file /opt/airflow/dags/Pypdf_Pipeline.py for tasks to queue
[2024-10-09T01:24:42.530+0000] {logging_mixin.py:190} INFO - [2024-10-09T01:24:42.529+0000] {dagbag.py:588} INFO - Filling up the DagBag from /opt/airflow/dags/Pypdf_Pipeline.py
[2024-10-09T01:24:45.156+0000] {processor.py:925} INFO - DAG(s) 's3_pdf_extraction_pipeline' retrieved from /opt/airflow/dags/Pypdf_Pipeline.py
[2024-10-09T01:24:45.193+0000] {logging_mixin.py:190} INFO - [2024-10-09T01:24:45.193+0000] {dag.py:3239} INFO - Sync 1 DAGs
[2024-10-09T01:24:45.207+0000] {logging_mixin.py:190} INFO - [2024-10-09T01:24:45.207+0000] {dag.py:4180} INFO - Setting next_dagrun for s3_pdf_extraction_pipeline to 2024-10-09 00:00:00+00:00, run_after=2024-10-10 00:00:00+00:00
[2024-10-09T01:24:45.216+0000] {processor.py:208} INFO - Processing /opt/airflow/dags/Pypdf_Pipeline.py took 2.706 seconds
[2024-10-09T01:25:15.703+0000] {processor.py:186} INFO - Started process (PID=165) to work on /opt/airflow/dags/Pypdf_Pipeline.py
[2024-10-09T01:25:15.708+0000] {processor.py:914} INFO - Processing file /opt/airflow/dags/Pypdf_Pipeline.py for tasks to queue
[2024-10-09T01:25:15.711+0000] {logging_mixin.py:190} INFO - [2024-10-09T01:25:15.711+0000] {dagbag.py:588} INFO - Filling up the DagBag from /opt/airflow/dags/Pypdf_Pipeline.py
[2024-10-09T01:25:18.311+0000] {processor.py:925} INFO - DAG(s) 's3_pdf_extraction_pipeline' retrieved from /opt/airflow/dags/Pypdf_Pipeline.py
[2024-10-09T01:25:18.363+0000] {logging_mixin.py:190} INFO - [2024-10-09T01:25:18.362+0000] {dag.py:3239} INFO - Sync 1 DAGs
[2024-10-09T01:25:18.378+0000] {logging_mixin.py:190} INFO - [2024-10-09T01:25:18.378+0000] {dag.py:4180} INFO - Setting next_dagrun for s3_pdf_extraction_pipeline to 2024-10-09 00:00:00+00:00, run_after=2024-10-10 00:00:00+00:00
[2024-10-09T01:25:18.397+0000] {processor.py:208} INFO - Processing /opt/airflow/dags/Pypdf_Pipeline.py took 2.706 seconds
[2024-10-09T01:25:48.866+0000] {processor.py:186} INFO - Started process (PID=173) to work on /opt/airflow/dags/Pypdf_Pipeline.py
[2024-10-09T01:25:48.871+0000] {processor.py:914} INFO - Processing file /opt/airflow/dags/Pypdf_Pipeline.py for tasks to queue
[2024-10-09T01:25:48.875+0000] {logging_mixin.py:190} INFO - [2024-10-09T01:25:48.875+0000] {dagbag.py:588} INFO - Filling up the DagBag from /opt/airflow/dags/Pypdf_Pipeline.py
[2024-10-09T01:25:51.552+0000] {processor.py:925} INFO - DAG(s) 's3_pdf_extraction_pipeline' retrieved from /opt/airflow/dags/Pypdf_Pipeline.py
[2024-10-09T01:25:51.627+0000] {logging_mixin.py:190} INFO - [2024-10-09T01:25:51.626+0000] {dag.py:3239} INFO - Sync 1 DAGs
[2024-10-09T01:25:51.654+0000] {logging_mixin.py:190} INFO - [2024-10-09T01:25:51.653+0000] {dag.py:4180} INFO - Setting next_dagrun for s3_pdf_extraction_pipeline to 2024-10-09 00:00:00+00:00, run_after=2024-10-10 00:00:00+00:00
[2024-10-09T01:25:51.665+0000] {processor.py:208} INFO - Processing /opt/airflow/dags/Pypdf_Pipeline.py took 2.824 seconds
[2024-10-09T01:26:21.868+0000] {processor.py:186} INFO - Started process (PID=181) to work on /opt/airflow/dags/Pypdf_Pipeline.py
[2024-10-09T01:26:21.882+0000] {processor.py:914} INFO - Processing file /opt/airflow/dags/Pypdf_Pipeline.py for tasks to queue
[2024-10-09T01:26:21.889+0000] {logging_mixin.py:190} INFO - [2024-10-09T01:26:21.887+0000] {dagbag.py:588} INFO - Filling up the DagBag from /opt/airflow/dags/Pypdf_Pipeline.py
[2024-10-09T01:26:24.691+0000] {processor.py:925} INFO - DAG(s) 's3_pdf_extraction_pipeline' retrieved from /opt/airflow/dags/Pypdf_Pipeline.py
[2024-10-09T01:26:24.745+0000] {logging_mixin.py:190} INFO - [2024-10-09T01:26:24.744+0000] {dag.py:3239} INFO - Sync 1 DAGs
[2024-10-09T01:26:24.763+0000] {logging_mixin.py:190} INFO - [2024-10-09T01:26:24.763+0000] {dag.py:4180} INFO - Setting next_dagrun for s3_pdf_extraction_pipeline to 2024-10-09 00:00:00+00:00, run_after=2024-10-10 00:00:00+00:00
[2024-10-09T01:26:24.774+0000] {processor.py:208} INFO - Processing /opt/airflow/dags/Pypdf_Pipeline.py took 2.932 seconds
[2024-10-09T01:26:55.297+0000] {processor.py:186} INFO - Started process (PID=188) to work on /opt/airflow/dags/Pypdf_Pipeline.py
[2024-10-09T01:26:55.301+0000] {processor.py:914} INFO - Processing file /opt/airflow/dags/Pypdf_Pipeline.py for tasks to queue
[2024-10-09T01:26:55.315+0000] {logging_mixin.py:190} INFO - [2024-10-09T01:26:55.313+0000] {dagbag.py:588} INFO - Filling up the DagBag from /opt/airflow/dags/Pypdf_Pipeline.py
[2024-10-09T01:26:57.827+0000] {processor.py:925} INFO - DAG(s) 's3_pdf_extraction_pipeline' retrieved from /opt/airflow/dags/Pypdf_Pipeline.py
[2024-10-09T01:26:57.863+0000] {logging_mixin.py:190} INFO - [2024-10-09T01:26:57.862+0000] {dag.py:3239} INFO - Sync 1 DAGs
[2024-10-09T01:26:57.879+0000] {logging_mixin.py:190} INFO - [2024-10-09T01:26:57.879+0000] {dag.py:4180} INFO - Setting next_dagrun for s3_pdf_extraction_pipeline to 2024-10-09 00:00:00+00:00, run_after=2024-10-10 00:00:00+00:00
[2024-10-09T01:26:57.889+0000] {processor.py:208} INFO - Processing /opt/airflow/dags/Pypdf_Pipeline.py took 2.604 seconds
[2024-10-09T01:27:28.554+0000] {processor.py:186} INFO - Started process (PID=202) to work on /opt/airflow/dags/Pypdf_Pipeline.py
[2024-10-09T01:27:28.560+0000] {processor.py:914} INFO - Processing file /opt/airflow/dags/Pypdf_Pipeline.py for tasks to queue
[2024-10-09T01:27:28.565+0000] {logging_mixin.py:190} INFO - [2024-10-09T01:27:28.565+0000] {dagbag.py:588} INFO - Filling up the DagBag from /opt/airflow/dags/Pypdf_Pipeline.py
[2024-10-09T01:27:31.003+0000] {processor.py:925} INFO - DAG(s) 's3_pdf_extraction_pipeline' retrieved from /opt/airflow/dags/Pypdf_Pipeline.py
[2024-10-09T01:27:31.035+0000] {logging_mixin.py:190} INFO - [2024-10-09T01:27:31.034+0000] {dag.py:3239} INFO - Sync 1 DAGs
[2024-10-09T01:27:31.478+0000] {logging_mixin.py:190} INFO - [2024-10-09T01:27:31.478+0000] {dag.py:4180} INFO - Setting next_dagrun for s3_pdf_extraction_pipeline to 2024-10-09 00:00:00+00:00, run_after=2024-10-10 00:00:00+00:00
[2024-10-09T01:27:31.491+0000] {processor.py:208} INFO - Processing /opt/airflow/dags/Pypdf_Pipeline.py took 2.960 seconds
[2024-10-09T01:28:02.147+0000] {processor.py:186} INFO - Started process (PID=209) to work on /opt/airflow/dags/Pypdf_Pipeline.py
[2024-10-09T01:28:02.153+0000] {processor.py:914} INFO - Processing file /opt/airflow/dags/Pypdf_Pipeline.py for tasks to queue
[2024-10-09T01:28:02.158+0000] {logging_mixin.py:190} INFO - [2024-10-09T01:28:02.157+0000] {dagbag.py:588} INFO - Filling up the DagBag from /opt/airflow/dags/Pypdf_Pipeline.py
[2024-10-09T01:28:04.622+0000] {processor.py:925} INFO - DAG(s) 's3_pdf_extraction_pipeline' retrieved from /opt/airflow/dags/Pypdf_Pipeline.py
[2024-10-09T01:28:04.662+0000] {logging_mixin.py:190} INFO - [2024-10-09T01:28:04.661+0000] {dag.py:3239} INFO - Sync 1 DAGs
[2024-10-09T01:28:04.906+0000] {logging_mixin.py:190} INFO - [2024-10-09T01:28:04.906+0000] {dag.py:4180} INFO - Setting next_dagrun for s3_pdf_extraction_pipeline to 2024-10-09 00:00:00+00:00, run_after=2024-10-10 00:00:00+00:00
[2024-10-09T01:28:04.912+0000] {processor.py:208} INFO - Processing /opt/airflow/dags/Pypdf_Pipeline.py took 2.776 seconds
[2024-10-09T01:28:35.356+0000] {processor.py:186} INFO - Started process (PID=217) to work on /opt/airflow/dags/Pypdf_Pipeline.py
[2024-10-09T01:28:35.361+0000] {processor.py:914} INFO - Processing file /opt/airflow/dags/Pypdf_Pipeline.py for tasks to queue
[2024-10-09T01:28:35.379+0000] {logging_mixin.py:190} INFO - [2024-10-09T01:28:35.374+0000] {dagbag.py:588} INFO - Filling up the DagBag from /opt/airflow/dags/Pypdf_Pipeline.py
[2024-10-09T01:28:37.857+0000] {processor.py:925} INFO - DAG(s) 's3_pdf_extraction_pipeline' retrieved from /opt/airflow/dags/Pypdf_Pipeline.py
[2024-10-09T01:28:38.137+0000] {logging_mixin.py:190} INFO - [2024-10-09T01:28:38.136+0000] {dag.py:3239} INFO - Sync 1 DAGs
[2024-10-09T01:28:38.148+0000] {logging_mixin.py:190} INFO - [2024-10-09T01:28:38.148+0000] {dag.py:4180} INFO - Setting next_dagrun for s3_pdf_extraction_pipeline to 2024-10-09 00:00:00+00:00, run_after=2024-10-10 00:00:00+00:00
[2024-10-09T01:28:38.155+0000] {processor.py:208} INFO - Processing /opt/airflow/dags/Pypdf_Pipeline.py took 2.810 seconds
[2024-10-09T01:29:08.372+0000] {processor.py:186} INFO - Started process (PID=225) to work on /opt/airflow/dags/Pypdf_Pipeline.py
[2024-10-09T01:29:08.380+0000] {processor.py:914} INFO - Processing file /opt/airflow/dags/Pypdf_Pipeline.py for tasks to queue
[2024-10-09T01:29:08.397+0000] {logging_mixin.py:190} INFO - [2024-10-09T01:29:08.394+0000] {dagbag.py:588} INFO - Filling up the DagBag from /opt/airflow/dags/Pypdf_Pipeline.py
[2024-10-09T01:29:11.235+0000] {processor.py:925} INFO - DAG(s) 's3_pdf_extraction_pipeline' retrieved from /opt/airflow/dags/Pypdf_Pipeline.py
[2024-10-09T01:29:11.254+0000] {logging_mixin.py:190} INFO - [2024-10-09T01:29:11.254+0000] {dag.py:3239} INFO - Sync 1 DAGs
[2024-10-09T01:29:11.273+0000] {logging_mixin.py:190} INFO - [2024-10-09T01:29:11.273+0000] {dag.py:4180} INFO - Setting next_dagrun for s3_pdf_extraction_pipeline to 2024-10-09 00:00:00+00:00, run_after=2024-10-10 00:00:00+00:00
[2024-10-09T01:29:11.283+0000] {processor.py:208} INFO - Processing /opt/airflow/dags/Pypdf_Pipeline.py took 2.943 seconds
[2024-10-09T01:29:41.828+0000] {processor.py:186} INFO - Started process (PID=233) to work on /opt/airflow/dags/Pypdf_Pipeline.py
[2024-10-09T01:29:41.834+0000] {processor.py:914} INFO - Processing file /opt/airflow/dags/Pypdf_Pipeline.py for tasks to queue
[2024-10-09T01:29:41.840+0000] {logging_mixin.py:190} INFO - [2024-10-09T01:29:41.840+0000] {dagbag.py:588} INFO - Filling up the DagBag from /opt/airflow/dags/Pypdf_Pipeline.py
[2024-10-09T01:29:44.743+0000] {processor.py:925} INFO - DAG(s) 's3_pdf_extraction_pipeline' retrieved from /opt/airflow/dags/Pypdf_Pipeline.py
[2024-10-09T01:29:44.774+0000] {logging_mixin.py:190} INFO - [2024-10-09T01:29:44.774+0000] {dag.py:3239} INFO - Sync 1 DAGs
[2024-10-09T01:29:44.791+0000] {logging_mixin.py:190} INFO - [2024-10-09T01:29:44.791+0000] {dag.py:4180} INFO - Setting next_dagrun for s3_pdf_extraction_pipeline to 2024-10-09 00:00:00+00:00, run_after=2024-10-10 00:00:00+00:00
[2024-10-09T01:29:44.799+0000] {processor.py:208} INFO - Processing /opt/airflow/dags/Pypdf_Pipeline.py took 2.991 seconds
[2024-10-09T01:30:15.293+0000] {processor.py:186} INFO - Started process (PID=241) to work on /opt/airflow/dags/Pypdf_Pipeline.py
[2024-10-09T01:30:15.297+0000] {processor.py:914} INFO - Processing file /opt/airflow/dags/Pypdf_Pipeline.py for tasks to queue
[2024-10-09T01:30:15.304+0000] {logging_mixin.py:190} INFO - [2024-10-09T01:30:15.302+0000] {dagbag.py:588} INFO - Filling up the DagBag from /opt/airflow/dags/Pypdf_Pipeline.py
[2024-10-09T01:30:17.943+0000] {processor.py:925} INFO - DAG(s) 's3_pdf_extraction_pipeline' retrieved from /opt/airflow/dags/Pypdf_Pipeline.py
[2024-10-09T01:30:17.974+0000] {logging_mixin.py:190} INFO - [2024-10-09T01:30:17.973+0000] {dag.py:3239} INFO - Sync 1 DAGs
[2024-10-09T01:30:17.992+0000] {logging_mixin.py:190} INFO - [2024-10-09T01:30:17.992+0000] {dag.py:4180} INFO - Setting next_dagrun for s3_pdf_extraction_pipeline to 2024-10-09 00:00:00+00:00, run_after=2024-10-10 00:00:00+00:00
[2024-10-09T01:30:18.000+0000] {processor.py:208} INFO - Processing /opt/airflow/dags/Pypdf_Pipeline.py took 2.730 seconds
[2024-10-09T01:30:48.630+0000] {processor.py:186} INFO - Started process (PID=249) to work on /opt/airflow/dags/Pypdf_Pipeline.py
[2024-10-09T01:30:48.633+0000] {processor.py:914} INFO - Processing file /opt/airflow/dags/Pypdf_Pipeline.py for tasks to queue
[2024-10-09T01:30:48.637+0000] {logging_mixin.py:190} INFO - [2024-10-09T01:30:48.637+0000] {dagbag.py:588} INFO - Filling up the DagBag from /opt/airflow/dags/Pypdf_Pipeline.py
[2024-10-09T01:30:51.162+0000] {processor.py:925} INFO - DAG(s) 's3_pdf_extraction_pipeline' retrieved from /opt/airflow/dags/Pypdf_Pipeline.py
[2024-10-09T01:30:51.362+0000] {logging_mixin.py:190} INFO - [2024-10-09T01:30:51.362+0000] {dag.py:3239} INFO - Sync 1 DAGs
[2024-10-09T01:30:51.376+0000] {logging_mixin.py:190} INFO - [2024-10-09T01:30:51.376+0000] {dag.py:4180} INFO - Setting next_dagrun for s3_pdf_extraction_pipeline to 2024-10-09 00:00:00+00:00, run_after=2024-10-10 00:00:00+00:00
[2024-10-09T01:30:51.382+0000] {processor.py:208} INFO - Processing /opt/airflow/dags/Pypdf_Pipeline.py took 2.766 seconds
[2024-10-09T01:31:21.777+0000] {processor.py:186} INFO - Started process (PID=257) to work on /opt/airflow/dags/Pypdf_Pipeline.py
[2024-10-09T01:31:21.781+0000] {processor.py:914} INFO - Processing file /opt/airflow/dags/Pypdf_Pipeline.py for tasks to queue
[2024-10-09T01:31:21.785+0000] {logging_mixin.py:190} INFO - [2024-10-09T01:31:21.784+0000] {dagbag.py:588} INFO - Filling up the DagBag from /opt/airflow/dags/Pypdf_Pipeline.py
[2024-10-09T01:31:24.897+0000] {processor.py:925} INFO - DAG(s) 's3_pdf_extraction_pipeline' retrieved from /opt/airflow/dags/Pypdf_Pipeline.py
[2024-10-09T01:31:24.912+0000] {logging_mixin.py:190} INFO - [2024-10-09T01:31:24.911+0000] {dag.py:3239} INFO - Sync 1 DAGs
[2024-10-09T01:31:24.924+0000] {logging_mixin.py:190} INFO - [2024-10-09T01:31:24.923+0000] {dag.py:4180} INFO - Setting next_dagrun for s3_pdf_extraction_pipeline to 2024-10-09 00:00:00+00:00, run_after=2024-10-10 00:00:00+00:00
[2024-10-09T01:31:24.933+0000] {processor.py:208} INFO - Processing /opt/airflow/dags/Pypdf_Pipeline.py took 3.166 seconds
[2024-10-09T01:31:55.271+0000] {processor.py:186} INFO - Started process (PID=265) to work on /opt/airflow/dags/Pypdf_Pipeline.py
[2024-10-09T01:31:55.275+0000] {processor.py:914} INFO - Processing file /opt/airflow/dags/Pypdf_Pipeline.py for tasks to queue
[2024-10-09T01:31:55.281+0000] {logging_mixin.py:190} INFO - [2024-10-09T01:31:55.281+0000] {dagbag.py:588} INFO - Filling up the DagBag from /opt/airflow/dags/Pypdf_Pipeline.py
[2024-10-09T01:31:57.843+0000] {processor.py:925} INFO - DAG(s) 's3_pdf_extraction_pipeline' retrieved from /opt/airflow/dags/Pypdf_Pipeline.py
[2024-10-09T01:31:57.858+0000] {logging_mixin.py:190} INFO - [2024-10-09T01:31:57.858+0000] {dag.py:3239} INFO - Sync 1 DAGs
[2024-10-09T01:31:57.867+0000] {logging_mixin.py:190} INFO - [2024-10-09T01:31:57.867+0000] {dag.py:4180} INFO - Setting next_dagrun for s3_pdf_extraction_pipeline to 2024-10-09 00:00:00+00:00, run_after=2024-10-10 00:00:00+00:00
[2024-10-09T01:31:57.874+0000] {processor.py:208} INFO - Processing /opt/airflow/dags/Pypdf_Pipeline.py took 2.634 seconds
[2024-10-09T01:32:28.358+0000] {processor.py:186} INFO - Started process (PID=279) to work on /opt/airflow/dags/Pypdf_Pipeline.py
[2024-10-09T01:32:28.362+0000] {processor.py:914} INFO - Processing file /opt/airflow/dags/Pypdf_Pipeline.py for tasks to queue
[2024-10-09T01:32:28.368+0000] {logging_mixin.py:190} INFO - [2024-10-09T01:32:28.367+0000] {dagbag.py:588} INFO - Filling up the DagBag from /opt/airflow/dags/Pypdf_Pipeline.py
[2024-10-09T01:32:31.196+0000] {processor.py:925} INFO - DAG(s) 's3_pdf_extraction_pipeline' retrieved from /opt/airflow/dags/Pypdf_Pipeline.py
[2024-10-09T01:32:31.227+0000] {logging_mixin.py:190} INFO - [2024-10-09T01:32:31.226+0000] {dag.py:3239} INFO - Sync 1 DAGs
[2024-10-09T01:32:31.239+0000] {logging_mixin.py:190} INFO - [2024-10-09T01:32:31.239+0000] {dag.py:4180} INFO - Setting next_dagrun for s3_pdf_extraction_pipeline to 2024-10-09 00:00:00+00:00, run_after=2024-10-10 00:00:00+00:00
[2024-10-09T01:32:31.272+0000] {processor.py:208} INFO - Processing /opt/airflow/dags/Pypdf_Pipeline.py took 2.929 seconds
[2024-10-09T01:33:01.752+0000] {processor.py:186} INFO - Started process (PID=286) to work on /opt/airflow/dags/Pypdf_Pipeline.py
[2024-10-09T01:33:01.759+0000] {processor.py:914} INFO - Processing file /opt/airflow/dags/Pypdf_Pipeline.py for tasks to queue
[2024-10-09T01:33:01.775+0000] {logging_mixin.py:190} INFO - [2024-10-09T01:33:01.774+0000] {dagbag.py:588} INFO - Filling up the DagBag from /opt/airflow/dags/Pypdf_Pipeline.py
[2024-10-09T01:33:04.228+0000] {processor.py:925} INFO - DAG(s) 's3_pdf_extraction_pipeline' retrieved from /opt/airflow/dags/Pypdf_Pipeline.py
[2024-10-09T01:33:04.529+0000] {logging_mixin.py:190} INFO - [2024-10-09T01:33:04.529+0000] {dag.py:3239} INFO - Sync 1 DAGs
[2024-10-09T01:33:04.541+0000] {logging_mixin.py:190} INFO - [2024-10-09T01:33:04.540+0000] {dag.py:4180} INFO - Setting next_dagrun for s3_pdf_extraction_pipeline to 2024-10-09 00:00:00+00:00, run_after=2024-10-10 00:00:00+00:00
[2024-10-09T01:33:04.560+0000] {processor.py:208} INFO - Processing /opt/airflow/dags/Pypdf_Pipeline.py took 2.825 seconds
[2024-10-09T01:33:35.002+0000] {processor.py:186} INFO - Started process (PID=294) to work on /opt/airflow/dags/Pypdf_Pipeline.py
[2024-10-09T01:33:35.010+0000] {processor.py:914} INFO - Processing file /opt/airflow/dags/Pypdf_Pipeline.py for tasks to queue
[2024-10-09T01:33:35.016+0000] {logging_mixin.py:190} INFO - [2024-10-09T01:33:35.016+0000] {dagbag.py:588} INFO - Filling up the DagBag from /opt/airflow/dags/Pypdf_Pipeline.py
[2024-10-09T01:33:37.724+0000] {processor.py:925} INFO - DAG(s) 's3_pdf_extraction_pipeline' retrieved from /opt/airflow/dags/Pypdf_Pipeline.py
[2024-10-09T01:33:37.739+0000] {logging_mixin.py:190} INFO - [2024-10-09T01:33:37.738+0000] {dag.py:3239} INFO - Sync 1 DAGs
[2024-10-09T01:33:37.748+0000] {logging_mixin.py:190} INFO - [2024-10-09T01:33:37.747+0000] {dag.py:4180} INFO - Setting next_dagrun for s3_pdf_extraction_pipeline to 2024-10-09 00:00:00+00:00, run_after=2024-10-10 00:00:00+00:00
[2024-10-09T01:33:37.755+0000] {processor.py:208} INFO - Processing /opt/airflow/dags/Pypdf_Pipeline.py took 2.761 seconds
[2024-10-09T01:34:08.077+0000] {processor.py:186} INFO - Started process (PID=302) to work on /opt/airflow/dags/Pypdf_Pipeline.py
[2024-10-09T01:34:08.082+0000] {processor.py:914} INFO - Processing file /opt/airflow/dags/Pypdf_Pipeline.py for tasks to queue
[2024-10-09T01:34:08.084+0000] {logging_mixin.py:190} INFO - [2024-10-09T01:34:08.084+0000] {dagbag.py:588} INFO - Filling up the DagBag from /opt/airflow/dags/Pypdf_Pipeline.py
[2024-10-09T01:34:10.670+0000] {processor.py:925} INFO - DAG(s) 's3_pdf_extraction_pipeline' retrieved from /opt/airflow/dags/Pypdf_Pipeline.py
[2024-10-09T01:34:10.685+0000] {logging_mixin.py:190} INFO - [2024-10-09T01:34:10.685+0000] {dag.py:3239} INFO - Sync 1 DAGs
[2024-10-09T01:34:10.696+0000] {logging_mixin.py:190} INFO - [2024-10-09T01:34:10.696+0000] {dag.py:4180} INFO - Setting next_dagrun for s3_pdf_extraction_pipeline to 2024-10-09 00:00:00+00:00, run_after=2024-10-10 00:00:00+00:00
[2024-10-09T01:34:10.702+0000] {processor.py:208} INFO - Processing /opt/airflow/dags/Pypdf_Pipeline.py took 2.630 seconds
[2024-10-09T01:34:41.190+0000] {processor.py:186} INFO - Started process (PID=309) to work on /opt/airflow/dags/Pypdf_Pipeline.py
[2024-10-09T01:34:41.195+0000] {processor.py:914} INFO - Processing file /opt/airflow/dags/Pypdf_Pipeline.py for tasks to queue
[2024-10-09T01:34:41.199+0000] {logging_mixin.py:190} INFO - [2024-10-09T01:34:41.199+0000] {dagbag.py:588} INFO - Filling up the DagBag from /opt/airflow/dags/Pypdf_Pipeline.py
[2024-10-09T01:34:43.761+0000] {processor.py:925} INFO - DAG(s) 's3_pdf_extraction_pipeline' retrieved from /opt/airflow/dags/Pypdf_Pipeline.py
[2024-10-09T01:34:43.778+0000] {logging_mixin.py:190} INFO - [2024-10-09T01:34:43.778+0000] {dag.py:3239} INFO - Sync 1 DAGs
[2024-10-09T01:34:43.788+0000] {logging_mixin.py:190} INFO - [2024-10-09T01:34:43.787+0000] {dag.py:4180} INFO - Setting next_dagrun for s3_pdf_extraction_pipeline to 2024-10-09 00:00:00+00:00, run_after=2024-10-10 00:00:00+00:00
[2024-10-09T01:34:43.794+0000] {processor.py:208} INFO - Processing /opt/airflow/dags/Pypdf_Pipeline.py took 2.615 seconds
[2024-10-09T01:35:13.915+0000] {processor.py:186} INFO - Started process (PID=317) to work on /opt/airflow/dags/Pypdf_Pipeline.py
[2024-10-09T01:35:13.921+0000] {processor.py:914} INFO - Processing file /opt/airflow/dags/Pypdf_Pipeline.py for tasks to queue
[2024-10-09T01:35:13.925+0000] {logging_mixin.py:190} INFO - [2024-10-09T01:35:13.925+0000] {dagbag.py:588} INFO - Filling up the DagBag from /opt/airflow/dags/Pypdf_Pipeline.py
[2024-10-09T01:35:16.379+0000] {processor.py:925} INFO - DAG(s) 's3_pdf_extraction_pipeline' retrieved from /opt/airflow/dags/Pypdf_Pipeline.py
[2024-10-09T01:35:16.580+0000] {logging_mixin.py:190} INFO - [2024-10-09T01:35:16.580+0000] {dag.py:3239} INFO - Sync 1 DAGs
[2024-10-09T01:35:16.590+0000] {logging_mixin.py:190} INFO - [2024-10-09T01:35:16.590+0000] {dag.py:4180} INFO - Setting next_dagrun for s3_pdf_extraction_pipeline to 2024-10-09 00:00:00+00:00, run_after=2024-10-10 00:00:00+00:00
[2024-10-09T01:35:16.597+0000] {processor.py:208} INFO - Processing /opt/airflow/dags/Pypdf_Pipeline.py took 2.688 seconds
[2024-10-09T01:35:46.945+0000] {processor.py:186} INFO - Started process (PID=325) to work on /opt/airflow/dags/Pypdf_Pipeline.py
[2024-10-09T01:35:46.951+0000] {processor.py:914} INFO - Processing file /opt/airflow/dags/Pypdf_Pipeline.py for tasks to queue
[2024-10-09T01:35:46.958+0000] {logging_mixin.py:190} INFO - [2024-10-09T01:35:46.957+0000] {dagbag.py:588} INFO - Filling up the DagBag from /opt/airflow/dags/Pypdf_Pipeline.py
[2024-10-09T01:35:49.530+0000] {processor.py:925} INFO - DAG(s) 's3_pdf_extraction_pipeline' retrieved from /opt/airflow/dags/Pypdf_Pipeline.py
[2024-10-09T01:35:49.559+0000] {logging_mixin.py:190} INFO - [2024-10-09T01:35:49.559+0000] {dag.py:3239} INFO - Sync 1 DAGs
[2024-10-09T01:35:49.569+0000] {logging_mixin.py:190} INFO - [2024-10-09T01:35:49.569+0000] {dag.py:4180} INFO - Setting next_dagrun for s3_pdf_extraction_pipeline to 2024-10-09 00:00:00+00:00, run_after=2024-10-10 00:00:00+00:00
[2024-10-09T01:35:49.576+0000] {processor.py:208} INFO - Processing /opt/airflow/dags/Pypdf_Pipeline.py took 2.640 seconds
[2024-10-09T01:36:20.034+0000] {processor.py:186} INFO - Started process (PID=333) to work on /opt/airflow/dags/Pypdf_Pipeline.py
[2024-10-09T01:36:20.044+0000] {processor.py:914} INFO - Processing file /opt/airflow/dags/Pypdf_Pipeline.py for tasks to queue
[2024-10-09T01:36:20.050+0000] {logging_mixin.py:190} INFO - [2024-10-09T01:36:20.050+0000] {dagbag.py:588} INFO - Filling up the DagBag from /opt/airflow/dags/Pypdf_Pipeline.py
[2024-10-09T01:36:22.722+0000] {processor.py:925} INFO - DAG(s) 's3_pdf_extraction_pipeline' retrieved from /opt/airflow/dags/Pypdf_Pipeline.py
[2024-10-09T01:36:22.744+0000] {logging_mixin.py:190} INFO - [2024-10-09T01:36:22.744+0000] {dag.py:3239} INFO - Sync 1 DAGs
[2024-10-09T01:36:22.754+0000] {logging_mixin.py:190} INFO - [2024-10-09T01:36:22.754+0000] {dag.py:4180} INFO - Setting next_dagrun for s3_pdf_extraction_pipeline to 2024-10-09 00:00:00+00:00, run_after=2024-10-10 00:00:00+00:00
[2024-10-09T01:36:22.761+0000] {processor.py:208} INFO - Processing /opt/airflow/dags/Pypdf_Pipeline.py took 2.740 seconds
[2024-10-09T01:36:53.319+0000] {processor.py:186} INFO - Started process (PID=341) to work on /opt/airflow/dags/Pypdf_Pipeline.py
[2024-10-09T01:36:53.323+0000] {processor.py:914} INFO - Processing file /opt/airflow/dags/Pypdf_Pipeline.py for tasks to queue
[2024-10-09T01:36:53.328+0000] {logging_mixin.py:190} INFO - [2024-10-09T01:36:53.327+0000] {dagbag.py:588} INFO - Filling up the DagBag from /opt/airflow/dags/Pypdf_Pipeline.py
[2024-10-09T01:36:55.907+0000] {processor.py:925} INFO - DAG(s) 's3_pdf_extraction_pipeline' retrieved from /opt/airflow/dags/Pypdf_Pipeline.py
[2024-10-09T01:36:55.934+0000] {logging_mixin.py:190} INFO - [2024-10-09T01:36:55.934+0000] {dag.py:3239} INFO - Sync 1 DAGs
[2024-10-09T01:36:55.945+0000] {logging_mixin.py:190} INFO - [2024-10-09T01:36:55.944+0000] {dag.py:4180} INFO - Setting next_dagrun for s3_pdf_extraction_pipeline to 2024-10-09 00:00:00+00:00, run_after=2024-10-10 00:00:00+00:00
[2024-10-09T01:36:55.951+0000] {processor.py:208} INFO - Processing /opt/airflow/dags/Pypdf_Pipeline.py took 2.680 seconds
[2024-10-09T01:37:26.383+0000] {processor.py:186} INFO - Started process (PID=349) to work on /opt/airflow/dags/Pypdf_Pipeline.py
[2024-10-09T01:37:26.388+0000] {processor.py:914} INFO - Processing file /opt/airflow/dags/Pypdf_Pipeline.py for tasks to queue
[2024-10-09T01:37:26.392+0000] {logging_mixin.py:190} INFO - [2024-10-09T01:37:26.391+0000] {dagbag.py:588} INFO - Filling up the DagBag from /opt/airflow/dags/Pypdf_Pipeline.py
[2024-10-09T01:37:28.797+0000] {processor.py:925} INFO - DAG(s) 's3_pdf_extraction_pipeline' retrieved from /opt/airflow/dags/Pypdf_Pipeline.py
[2024-10-09T01:37:29.039+0000] {logging_mixin.py:190} INFO - [2024-10-09T01:37:29.038+0000] {dag.py:3239} INFO - Sync 1 DAGs
[2024-10-09T01:37:29.051+0000] {logging_mixin.py:190} INFO - [2024-10-09T01:37:29.050+0000] {dag.py:4180} INFO - Setting next_dagrun for s3_pdf_extraction_pipeline to 2024-10-09 00:00:00+00:00, run_after=2024-10-10 00:00:00+00:00
[2024-10-09T01:37:29.059+0000] {processor.py:208} INFO - Processing /opt/airflow/dags/Pypdf_Pipeline.py took 2.703 seconds
[2024-10-09T01:37:59.342+0000] {processor.py:186} INFO - Started process (PID=363) to work on /opt/airflow/dags/Pypdf_Pipeline.py
[2024-10-09T01:37:59.350+0000] {processor.py:914} INFO - Processing file /opt/airflow/dags/Pypdf_Pipeline.py for tasks to queue
[2024-10-09T01:37:59.353+0000] {logging_mixin.py:190} INFO - [2024-10-09T01:37:59.353+0000] {dagbag.py:588} INFO - Filling up the DagBag from /opt/airflow/dags/Pypdf_Pipeline.py
[2024-10-09T01:38:02.164+0000] {processor.py:925} INFO - DAG(s) 's3_pdf_extraction_pipeline' retrieved from /opt/airflow/dags/Pypdf_Pipeline.py
[2024-10-09T01:38:02.198+0000] {logging_mixin.py:190} INFO - [2024-10-09T01:38:02.197+0000] {dag.py:3239} INFO - Sync 1 DAGs
[2024-10-09T01:38:02.211+0000] {logging_mixin.py:190} INFO - [2024-10-09T01:38:02.211+0000] {dag.py:4180} INFO - Setting next_dagrun for s3_pdf_extraction_pipeline to 2024-10-09 00:00:00+00:00, run_after=2024-10-10 00:00:00+00:00
[2024-10-09T01:38:02.221+0000] {processor.py:208} INFO - Processing /opt/airflow/dags/Pypdf_Pipeline.py took 2.890 seconds
