[2024-10-10T02:36:00.357-0400] {local_task_job_runner.py:123} INFO - ::group::Pre task execution logs
[2024-10-10T02:36:00.380-0400] {taskinstance.py:2612} INFO - Dependencies all met for dep_context=non-requeueable deps ti=<TaskInstance: s3_pdf_extraction_pipeline.list_pdf_files_from_s3 manual__2024-10-10T02:35:44.228846-04:00 [queued]>
[2024-10-10T02:36:00.388-0400] {taskinstance.py:2612} INFO - Dependencies all met for dep_context=requeueable deps ti=<TaskInstance: s3_pdf_extraction_pipeline.list_pdf_files_from_s3 manual__2024-10-10T02:35:44.228846-04:00 [queued]>
[2024-10-10T02:36:00.388-0400] {taskinstance.py:2865} INFO - Starting attempt 1 of 2
[2024-10-10T02:36:00.407-0400] {taskinstance.py:2888} INFO - Executing <Task(PythonOperator): list_pdf_files_from_s3> on 2024-10-10 02:35:44.228846-04:00
[2024-10-10T02:36:00.438-0400] {warnings.py:112} WARNING - /home/***/.local/lib/python3.12/site-packages/***/task/task_runner/standard_task_runner.py:70: DeprecationWarning: This process (pid=69) is multi-threaded, use of fork() may lead to deadlocks in the child.
  pid = os.fork()

[2024-10-10T02:36:00.442-0400] {standard_task_runner.py:72} INFO - Started process 71 to run task
[2024-10-10T02:36:00.441-0400] {standard_task_runner.py:104} INFO - Running: ['***', 'tasks', 'run', 's3_pdf_extraction_pipeline', 'list_pdf_files_from_s3', 'manual__2024-10-10T02:35:44.228846-04:00', '--job-id', '44', '--raw', '--subdir', 'DAGS_FOLDER/Pypdf_Pipeline.py', '--cfg-path', '/tmp/tmp_bxm01gt']
[2024-10-10T02:36:00.451-0400] {standard_task_runner.py:105} INFO - Job 44: Subtask list_pdf_files_from_s3
[2024-10-10T02:36:00.563-0400] {task_command.py:467} INFO - Running <TaskInstance: s3_pdf_extraction_pipeline.list_pdf_files_from_s3 manual__2024-10-10T02:35:44.228846-04:00 [running]> on host 45d4aecd3dfd
[2024-10-10T02:36:00.815-0400] {taskinstance.py:3131} INFO - Exporting env vars: AIRFLOW_CTX_DAG_OWNER='***' AIRFLOW_CTX_DAG_ID='s3_pdf_extraction_pipeline' AIRFLOW_CTX_TASK_ID='list_pdf_files_from_s3' AIRFLOW_CTX_EXECUTION_DATE='2024-10-10T02:35:44.228846-04:00' AIRFLOW_CTX_TRY_NUMBER='1' AIRFLOW_CTX_DAG_RUN_ID='manual__2024-10-10T02:35:44.228846-04:00'
[2024-10-10T02:36:00.825-0400] {taskinstance.py:731} INFO - ::endgroup::
[2024-10-10T02:36:01.499-0400] {logging_mixin.py:190} INFO - Found 15 PDF files in S3.
[2024-10-10T02:36:01.573-0400] {python.py:240} INFO - Done. Returned value was: None
[2024-10-10T02:36:01.599-0400] {taskinstance.py:340} INFO - ::group::Post task execution logs
[2024-10-10T02:36:01.600-0400] {taskinstance.py:352} INFO - Marking task as SUCCESS. dag_id=s3_pdf_extraction_pipeline, task_id=list_pdf_files_from_s3, run_id=manual__2024-10-10T02:35:44.228846-04:00, execution_date=20241010T023544, start_date=20241010T023600, end_date=20241010T023601
[2024-10-10T02:36:01.667-0400] {local_task_job_runner.py:266} INFO - Task exited with return code 0
[2024-10-10T02:36:01.724-0400] {taskinstance.py:3900} INFO - 1 downstream tasks scheduled from follow-on schedule check
[2024-10-10T02:36:01.725-0400] {local_task_job_runner.py:245} INFO - ::endgroup::
